[ 2017-04-15T11:05:02+08:00 ] 127.0.0.1 /lyg/lys/
INFO: [ app_init ] --START--
INFO: Run Behavior\BuildLiteBehavior [ RunTime:0.000000s ]
INFO: [ app_init ] --END-- [ RunTime:0.003000s ]
INFO: [ app_begin ] --START--
INFO: Run Behavior\ReadHtmlCacheBehavior [ RunTime:0.001000s ]
INFO: [ app_begin ] --END-- [ RunTime:0.001000s ]
SQL: SHOW COLUMNS FROM `lys_activity` [ RunTime:0.0020s ]
SQL: SHOW COLUMNS FROM `lxtx_products` [ RunTime:0.0020s ]
SQL: SELECT * FROM `lys_activity` WHERE `winning_time` < 1492225502 AND `is_putaway` = 1 ORDER BY id desc LIMIT 5   [ RunTime:0.0030s ]
SQL: SELECT `id`,`product_name`,`cover` FROM `lxtx_products` WHERE `id` = 1 LIMIT 1   [ RunTime:0.0020s ]
SQL: SELECT `id`,`product_name`,`cover` FROM `lxtx_products` WHERE `id` = 1 LIMIT 1   [ RunTime:0.0020s ]
SQL: SELECT `id`,`product_name`,`cover` FROM `lxtx_products` WHERE `id` = 1 LIMIT 1   [ RunTime:0.0020s ]
SQL: SELECT `id`,`product_name`,`cover` FROM `lxtx_products` WHERE `id` = 1 LIMIT 1   [ RunTime:0.0020s ]
SQL: SELECT `id`,`product_name`,`cover` FROM `lxtx_products` WHERE `id` = 1 LIMIT 1   [ RunTime:0.0020s ]
SQL: SELECT * FROM `lys_activity` WHERE `winning_time` > 1492225502 AND `end_time` < 1492225502 AND `is_putaway` = 1 ORDER BY id desc  [ RunTime:0.0040s ]
SQL: SELECT * FROM `lys_activity` WHERE `start_time` > 1492225502 AND `is_putaway` = 1 ORDER BY id desc  [ RunTime:0.0020s ]
SQL: SELECT * FROM `lys_activity` WHERE `start_time` < 1492225502 AND `end_time` > 1492225502 AND `is_putaway` = 1 ORDER BY id desc  [ RunTime:0.0040s ]
NOTIC: [8] Undefined variable: activity_data_await_time D:\phpStudy\WWW\lyg\lys\Application\Home\Controller\IndexController.class.php 第 94 行.
NOTIC: [2] implode() [<a href='function.implode'>function.implode</a>]: Invalid arguments passed D:\phpStudy\WWW\lyg\lys\Application\Home\Controller\IndexController.class.php 第 94 行.
NOTIC: [8] Undefined variable: activity_data_start_time D:\phpStudy\WWW\lyg\lys\Application\Home\Controller\IndexController.class.php 第 99 行.
NOTIC: [2] implode() [<a href='function.implode'>function.implode</a>]: Invalid arguments passed D:\phpStudy\WWW\lyg\lys\Application\Home\Controller\IndexController.class.php 第 99 行.
NOTIC: [8] Undefined variable: activity_data_end_time D:\phpStudy\WWW\lyg\lys\Application\Home\Controller\IndexController.class.php 第 104 行.
NOTIC: [2] implode() [<a href='function.implode'>function.implode</a>]: Invalid arguments passed D:\phpStudy\WWW\lyg\lys\Application\Home\Controller\IndexController.class.php 第 104 行.
INFO: [ view_parse ] --START--
INFO: [ template_filter ] --START--
INFO: Run Behavior\ContentReplaceBehavior [ RunTime:0.000000s ]
INFO: [ template_filter ] --END-- [ RunTime:0.001000s ]
INFO: Run Behavior\ParseTemplateBehavior [ RunTime:0.032002s ]
INFO: [ view_parse ] --END-- [ RunTime:0.032002s ]
INFO: [ view_filter ] --START--
INFO: Run Behavior\WriteHtmlCacheBehavior [ RunTime:0.000000s ]
INFO: [ view_filter ] --END-- [ RunTime:0.000000s ]
INFO: [ app_end ] --START--
INFO: Run Behavior\ShowPageTraceBehavior [ RunTime:0.001000s ]
INFO: [ app_end ] --END-- [ RunTime:0.002000s ]

[ 2017-04-15T11:05:21+08:00 ] 127.0.0.1 /lyg/lys/
INFO: [ app_init ] --START--
INFO: Run Behavior\BuildLiteBehavior [ RunTime:0.000000s ]
INFO: [ app_init ] --END-- [ RunTime:0.001000s ]
INFO: [ app_begin ] --START--
INFO: Run Behavior\ReadHtmlCacheBehavior [ RunTime:0.001000s ]
INFO: [ app_begin ] --END-- [ RunTime:0.001000s ]
SQL: SHOW COLUMNS FROM `lys_activity` [ RunTime:0.0020s ]
SQL: SHOW COLUMNS FROM `lxtx_products` [ RunTime:0.0020s ]
SQL: SELECT * FROM `lys_activity` WHERE `winning_time` < 1492225521 AND `is_putaway` = 1 ORDER BY id desc LIMIT 5   [ RunTime:0.0020s ]
SQL: SELECT `id`,`product_name`,`cover` FROM `lxtx_products` WHERE `id` = 1 LIMIT 1   [ RunTime:0.0010s ]
SQL: SELECT `id`,`product_name`,`cover` FROM `lxtx_products` WHERE `id` = 1 LIMIT 1   [ RunTime:0.0020s ]
SQL: SELECT `id`,`product_name`,`cover` FROM `lxtx_products` WHERE `id` = 1 LIMIT 1   [ RunTime:0.0020s ]
SQL: SELECT `id`,`product_name`,`cover` FROM `lxtx_products` WHERE `id` = 1 LIMIT 1   [ RunTime:0.0020s ]
SQL: SELECT `id`,`product_name`,`cover` FROM `lxtx_products` WHERE `id` = 1 LIMIT 1   [ RunTime:0.0020s ]
SQL: SELECT * FROM `lys_activity` WHERE `winning_time` > 1492225521 AND `end_time` < 1492225521 AND `is_putaway` = 1 ORDER BY id desc  [ RunTime:0.0020s ]
SQL: SELECT * FROM `lys_activity` WHERE `start_time` > 1492225521 AND `is_putaway` = 1 ORDER BY id desc  [ RunTime:0.0020s ]
SQL: SELECT * FROM `lys_activity` WHERE `start_time` < 1492225521 AND `end_time` > 1492225521 AND `is_putaway` = 1 ORDER BY id desc  [ RunTime:0.0020s ]
NOTIC: [8] Undefined variable: activity_data_await_time D:\phpStudy\WWW\lyg\lys\Application\Home\Controller\IndexController.class.php 第 94 行.
NOTIC: [2] implode() [<a href='function.implode'>function.implode</a>]: Invalid arguments passed D:\phpStudy\WWW\lyg\lys\Application\Home\Controller\IndexController.class.php 第 94 行.
NOTIC: [8] Undefined variable: activity_data_start_time D:\phpStudy\WWW\lyg\lys\Application\Home\Controller\IndexController.class.php 第 99 行.
NOTIC: [2] implode() [<a href='function.implode'>function.implode</a>]: Invalid arguments passed D:\phpStudy\WWW\lyg\lys\Application\Home\Controller\IndexController.class.php 第 99 行.
NOTIC: [8] Undefined variable: activity_data_end_time D:\phpStudy\WWW\lyg\lys\Application\Home\Controller\IndexController.class.php 第 104 行.
NOTIC: [2] implode() [<a href='function.implode'>function.implode</a>]: Invalid arguments passed D:\phpStudy\WWW\lyg\lys\Application\Home\Controller\IndexController.class.php 第 104 行.
INFO: [ view_parse ] --START--
INFO: [ template_filter ] --START--
INFO: Run Behavior\ContentReplaceBehavior [ RunTime:0.000000s ]
INFO: [ template_filter ] --END-- [ RunTime:0.000000s ]
INFO: Run Behavior\ParseTemplateBehavior [ RunTime:0.025002s ]
INFO: [ view_parse ] --END-- [ RunTime:0.025002s ]
INFO: [ view_filter ] --START--
INFO: Run Behavior\WriteHtmlCacheBehavior [ RunTime:0.001000s ]
INFO: [ view_filter ] --END-- [ RunTime:0.001000s ]
INFO: [ app_end ] --START--
INFO: Run Behavior\ShowPageTraceBehavior [ RunTime:0.001000s ]
INFO: [ app_end ] --END-- [ RunTime:0.001000s ]

[ 2017-04-15T11:43:25+08:00 ] 127.0.0.1 /lyg/lys/
INFO: [ app_init ] --START--
INFO: Run Behavior\BuildLiteBehavior [ RunTime:0.000000s ]
INFO: [ app_init ] --END-- [ RunTime:0.001000s ]
INFO: [ app_begin ] --START--
INFO: Run Behavior\ReadHtmlCacheBehavior [ RunTime:0.001000s ]
INFO: [ app_begin ] --END-- [ RunTime:0.001000s ]
SQL: SHOW COLUMNS FROM `lys_activity` [ RunTime:0.0020s ]
SQL: SHOW COLUMNS FROM `lxtx_products` [ RunTime:0.0020s ]
SQL: SELECT * FROM `lys_activity` WHERE `winning_time` < 1492227805 AND `is_putaway` = 1 ORDER BY id desc LIMIT 5   [ RunTime:0.0020s ]
SQL: SELECT `id`,`product_name`,`cover` FROM `lxtx_products` WHERE `id` = 1 LIMIT 1   [ RunTime:0.0020s ]
SQL: SELECT `id`,`product_name`,`cover` FROM `lxtx_products` WHERE `id` = 1 LIMIT 1   [ RunTime:0.0040s ]
SQL: SELECT `id`,`product_name`,`cover` FROM `lxtx_products` WHERE `id` = 1 LIMIT 1   [ RunTime:0.0050s ]
SQL: SELECT `id`,`product_name`,`cover` FROM `lxtx_products` WHERE `id` = 1 LIMIT 1   [ RunTime:0.0020s ]
SQL: SELECT `id`,`product_name`,`cover` FROM `lxtx_products` WHERE `id` = 1 LIMIT 1   [ RunTime:0.0020s ]
SQL: SELECT * FROM `lys_activity` WHERE `winning_time` > 1492227805 AND `end_time` < 1492227805 AND `is_putaway` = 1 ORDER BY id desc  [ RunTime:0.0030s ]
SQL: SELECT * FROM `lys_activity` WHERE `start_time` > 1492227805 AND `is_putaway` = 1 ORDER BY id desc  [ RunTime:0.0030s ]
SQL: SELECT * FROM `lys_activity` WHERE `start_time` < 1492227805 AND `end_time` > 1492227805 AND `is_putaway` = 1 ORDER BY id desc  [ RunTime:0.0030s ]
NOTIC: [8] Undefined variable: activity_data_await_time D:\phpStudy\WWW\lyg\lys\Application\Home\Controller\IndexController.class.php 第 94 行.
NOTIC: [2] implode() [<a href='function.implode'>function.implode</a>]: Invalid arguments passed D:\phpStudy\WWW\lyg\lys\Application\Home\Controller\IndexController.class.php 第 94 行.
NOTIC: [8] Undefined variable: activity_data_start_time D:\phpStudy\WWW\lyg\lys\Application\Home\Controller\IndexController.class.php 第 99 行.
NOTIC: [2] implode() [<a href='function.implode'>function.implode</a>]: Invalid arguments passed D:\phpStudy\WWW\lyg\lys\Application\Home\Controller\IndexController.class.php 第 99 行.
NOTIC: [8] Undefined variable: activity_data_end_time D:\phpStudy\WWW\lyg\lys\Application\Home\Controller\IndexController.class.php 第 104 行.
NOTIC: [2] implode() [<a href='function.implode'>function.implode</a>]: Invalid arguments passed D:\phpStudy\WWW\lyg\lys\Application\Home\Controller\IndexController.class.php 第 104 行.
INFO: [ view_parse ] --START--
INFO: [ template_filter ] --START--
INFO: Run Behavior\ContentReplaceBehavior [ RunTime:0.001000s ]
INFO: [ template_filter ] --END-- [ RunTime:0.001000s ]
INFO: Run Behavior\ParseTemplateBehavior [ RunTime:0.039002s ]
INFO: [ view_parse ] --END-- [ RunTime:0.039002s ]
INFO: [ view_filter ] --START--
INFO: Run Behavior\WriteHtmlCacheBehavior [ RunTime:0.001000s ]
INFO: [ view_filter ] --END-- [ RunTime:0.001000s ]
INFO: [ app_end ] --START--
INFO: Run Behavior\ShowPageTraceBehavior [ RunTime:0.002000s ]
INFO: [ app_end ] --END-- [ RunTime:0.002000s ]

[ 2017-04-15T11:57:28+08:00 ] 127.0.0.1 /lyg/lys/
INFO: [ app_init ] --START--
INFO: Run Behavior\BuildLiteBehavior [ RunTime:0.000000s ]
INFO: [ app_init ] --END-- [ RunTime:0.000000s ]
INFO: [ app_begin ] --START--
INFO: Run Behavior\ReadHtmlCacheBehavior [ RunTime:0.001000s ]
INFO: [ app_begin ] --END-- [ RunTime:0.001000s ]
SQL: SHOW COLUMNS FROM `lys_activity` [ RunTime:0.0020s ]
SQL: SHOW COLUMNS FROM `lxtx_products` [ RunTime:0.0010s ]
SQL: SELECT * FROM `lys_activity` WHERE `winning_time` < 1492228648 AND `is_putaway` = 1 ORDER BY id desc LIMIT 5   [ RunTime:0.0040s ]
SQL: SELECT `id`,`product_name`,`cover` FROM `lxtx_products` WHERE `id` = 1 LIMIT 1   [ RunTime:0.0030s ]
SQL: SELECT `id`,`product_name`,`cover` FROM `lxtx_products` WHERE `id` = 1 LIMIT 1   [ RunTime:0.0020s ]
SQL: SELECT `id`,`product_name`,`cover` FROM `lxtx_products` WHERE `id` = 1 LIMIT 1   [ RunTime:0.0010s ]
SQL: SELECT `id`,`product_name`,`cover` FROM `lxtx_products` WHERE `id` = 1 LIMIT 1   [ RunTime:0.0020s ]
SQL: SELECT `id`,`product_name`,`cover` FROM `lxtx_products` WHERE `id` = 1 LIMIT 1   [ RunTime:0.0020s ]
SQL: SELECT * FROM `lys_activity` WHERE `winning_time` > 1492228648 AND `end_time` < 1492228648 AND `is_putaway` = 1 ORDER BY id desc  [ RunTime:0.0010s ]
SQL: SELECT `id`,`product_name`,`cover` FROM `lxtx_products` WHERE `id` = 1 LIMIT 1   [ RunTime:0.0020s ]
SQL: SELECT * FROM `lys_activity` WHERE `start_time` > 1492228648 AND `is_putaway` = 1 ORDER BY id desc  [ RunTime:0.0020s ]
SQL: SELECT `id`,`product_name`,`cover` FROM `lxtx_products` WHERE `id` = 1 LIMIT 1   [ RunTime:0.0020s ]
SQL: SELECT * FROM `lys_activity` WHERE `start_time` < 1492228648 AND `end_time` > 1492228648 AND `is_putaway` = 1 ORDER BY id desc  [ RunTime:0.0020s ]
SQL: SELECT `id`,`product_name`,`cover` FROM `lxtx_products` WHERE `id` = 1 LIMIT 1   [ RunTime:0.0010s ]
INFO: [ view_parse ] --START--
INFO: [ template_filter ] --START--
INFO: Run Behavior\ContentReplaceBehavior [ RunTime:0.000000s ]
INFO: [ template_filter ] --END-- [ RunTime:0.000000s ]
INFO: Run Behavior\ParseTemplateBehavior [ RunTime:0.019001s ]
INFO: [ view_parse ] --END-- [ RunTime:0.019001s ]
INFO: [ view_filter ] --START--
INFO: Run Behavior\WriteHtmlCacheBehavior [ RunTime:0.000000s ]
INFO: [ view_filter ] --END-- [ RunTime:0.000000s ]
INFO: [ app_end ] --START--
INFO: Run Behavior\ShowPageTraceBehavior [ RunTime:0.000000s ]
INFO: [ app_end ] --END-- [ RunTime:0.000000s ]

[ 2017-04-15T11:57:31+08:00 ] 127.0.0.1 /lyg/lys/Home/Index/purchase.html?activity_id=56
INFO: [ app_init ] --START--
INFO: Run Behavior\BuildLiteBehavior [ RunTime:0.000000s ]
INFO: [ app_init ] --END-- [ RunTime:0.000000s ]
INFO: [ app_begin ] --START--
INFO: Run Behavior\ReadHtmlCacheBehavior [ RunTime:0.001000s ]
INFO: [ app_begin ] --END-- [ RunTime:0.001000s ]

[ 2017-04-15T11:57:35+08:00 ] 127.0.0.1 /lyg/lys/
INFO: [ app_init ] --START--
INFO: Run Behavior\BuildLiteBehavior [ RunTime:0.000000s ]
INFO: [ app_init ] --END-- [ RunTime:0.001000s ]
INFO: [ app_begin ] --START--
INFO: Run Behavior\ReadHtmlCacheBehavior [ RunTime:0.001000s ]
INFO: [ app_begin ] --END-- [ RunTime:0.001000s ]
SQL: SHOW COLUMNS FROM `lys_activity` [ RunTime:0.0020s ]
SQL: SHOW COLUMNS FROM `lxtx_products` [ RunTime:0.0020s ]
SQL: SELECT * FROM `lys_activity` WHERE `winning_time` < 1492228655 AND `is_putaway` = 1 ORDER BY id desc LIMIT 5   [ RunTime:0.0030s ]
SQL: SELECT `id`,`product_name`,`cover` FROM `lxtx_products` WHERE `id` = 1 LIMIT 1   [ RunTime:0.0010s ]
SQL: SELECT `id`,`product_name`,`cover` FROM `lxtx_products` WHERE `id` = 1 LIMIT 1   [ RunTime:0.0030s ]
SQL: SELECT `id`,`product_name`,`cover` FROM `lxtx_products` WHERE `id` = 1 LIMIT 1   [ RunTime:0.0020s ]
SQL: SELECT `id`,`product_name`,`cover` FROM `lxtx_products` WHERE `id` = 1 LIMIT 1   [ RunTime:0.0020s ]
SQL: SELECT `id`,`product_name`,`cover` FROM `lxtx_products` WHERE `id` = 1 LIMIT 1   [ RunTime:0.0020s ]
SQL: SELECT * FROM `lys_activity` WHERE `winning_time` > 1492228655 AND `end_time` < 1492228655 AND `is_putaway` = 1 ORDER BY id desc  [ RunTime:0.0020s ]
SQL: SELECT `id`,`product_name`,`cover` FROM `lxtx_products` WHERE `id` = 1 LIMIT 1   [ RunTime:0.0020s ]
SQL: SELECT * FROM `lys_activity` WHERE `start_time` > 1492228655 AND `is_putaway` = 1 ORDER BY id desc  [ RunTime:0.0020s ]
SQL: SELECT `id`,`product_name`,`cover` FROM `lxtx_products` WHERE `id` = 1 LIMIT 1   [ RunTime:0.0020s ]
SQL: SELECT * FROM `lys_activity` WHERE `start_time` < 1492228655 AND `end_time` > 1492228655 AND `is_putaway` = 1 ORDER BY id desc  [ RunTime:0.0030s ]
SQL: SELECT `id`,`product_name`,`cover` FROM `lxtx_products` WHERE `id` = 1 LIMIT 1   [ RunTime:0.0020s ]
INFO: [ view_parse ] --START--
INFO: [ template_filter ] --START--
INFO: Run Behavior\ContentReplaceBehavior [ RunTime:0.000000s ]
INFO: [ template_filter ] --END-- [ RunTime:0.000000s ]
INFO: Run Behavior\ParseTemplateBehavior [ RunTime:0.021002s ]
INFO: [ view_parse ] --END-- [ RunTime:0.022002s ]
INFO: [ view_filter ] --START--
INFO: Run Behavior\WriteHtmlCacheBehavior [ RunTime:0.001000s ]
INFO: [ view_filter ] --END-- [ RunTime:0.001000s ]
INFO: [ app_end ] --START--
INFO: Run Behavior\ShowPageTraceBehavior [ RunTime:0.001000s ]
INFO: [ app_end ] --END-- [ RunTime:0.001000s ]

[ 2017-04-15T11:57:40+08:00 ] 127.0.0.1 /lyg/lys/Home/Index/purchase.html?activity_id=56
INFO: [ app_init ] --START--
INFO: Run Behavior\BuildLiteBehavior [ RunTime:0.000000s ]
INFO: [ app_init ] --END-- [ RunTime:0.000000s ]
INFO: [ app_begin ] --START--
INFO: Run Behavior\ReadHtmlCacheBehavior [ RunTime:0.000000s ]
INFO: [ app_begin ] --END-- [ RunTime:0.001000s ]

[ 2017-04-15T11:57:44+08:00 ] 127.0.0.1 /lyg/lys/
INFO: [ app_init ] --START--
INFO: Run Behavior\BuildLiteBehavior [ RunTime:0.000000s ]
INFO: [ app_init ] --END-- [ RunTime:0.001000s ]
INFO: [ app_begin ] --START--
INFO: Run Behavior\ReadHtmlCacheBehavior [ RunTime:0.001000s ]
INFO: [ app_begin ] --END-- [ RunTime:0.001000s ]
SQL: SHOW COLUMNS FROM `lys_activity` [ RunTime:0.0030s ]
SQL: SHOW COLUMNS FROM `lxtx_products` [ RunTime:0.0020s ]
SQL: SELECT * FROM `lys_activity` WHERE `winning_time` < 1492228663 AND `is_putaway` = 1 ORDER BY id desc LIMIT 5   [ RunTime:0.0030s ]
SQL: SELECT `id`,`product_name`,`cover` FROM `lxtx_products` WHERE `id` = 1 LIMIT 1   [ RunTime:0.0020s ]
SQL: SELECT `id`,`product_name`,`cover` FROM `lxtx_products` WHERE `id` = 1 LIMIT 1   [ RunTime:0.0020s ]
SQL: SELECT `id`,`product_name`,`cover` FROM `lxtx_products` WHERE `id` = 1 LIMIT 1   [ RunTime:0.0020s ]
SQL: SELECT `id`,`product_name`,`cover` FROM `lxtx_products` WHERE `id` = 1 LIMIT 1   [ RunTime:0.0020s ]
SQL: SELECT `id`,`product_name`,`cover` FROM `lxtx_products` WHERE `id` = 1 LIMIT 1   [ RunTime:0.0010s ]
SQL: SELECT * FROM `lys_activity` WHERE `winning_time` > 1492228663 AND `end_time` < 1492228663 AND `is_putaway` = 1 ORDER BY id desc  [ RunTime:0.0030s ]
SQL: SELECT `id`,`product_name`,`cover` FROM `lxtx_products` WHERE `id` = 1 LIMIT 1   [ RunTime:0.0020s ]
SQL: SELECT * FROM `lys_activity` WHERE `start_time` > 1492228663 AND `is_putaway` = 1 ORDER BY id desc  [ RunTime:0.0020s ]
SQL: SELECT `id`,`product_name`,`cover` FROM `lxtx_products` WHERE `id` = 1 LIMIT 1   [ RunTime:0.0020s ]
SQL: SELECT * FROM `lys_activity` WHERE `start_time` < 1492228663 AND `end_time` > 1492228663 AND `is_putaway` = 1 ORDER BY id desc  [ RunTime:0.0030s ]
SQL: SELECT `id`,`product_name`,`cover` FROM `lxtx_products` WHERE `id` = 1 LIMIT 1   [ RunTime:0.0030s ]
INFO: [ view_parse ] --START--
INFO: [ template_filter ] --START--
INFO: Run Behavior\ContentReplaceBehavior [ RunTime:0.000000s ]
INFO: [ template_filter ] --END-- [ RunTime:0.000000s ]
INFO: Run Behavior\ParseTemplateBehavior [ RunTime:0.021001s ]
INFO: [ view_parse ] --END-- [ RunTime:0.021001s ]
INFO: [ view_filter ] --START--
INFO: Run Behavior\WriteHtmlCacheBehavior [ RunTime:0.001000s ]
INFO: [ view_filter ] --END-- [ RunTime:0.001000s ]
INFO: [ app_end ] --START--
INFO: Run Behavior\ShowPageTraceBehavior [ RunTime:0.001000s ]
INFO: [ app_end ] --END-- [ RunTime:0.001000s ]

[ 2017-04-15T11:59:28+08:00 ] 127.0.0.1 /lyg/lys/
INFO: [ app_init ] --START--
INFO: Run Behavior\BuildLiteBehavior [ RunTime:0.000000s ]
INFO: [ app_init ] --END-- [ RunTime:0.000000s ]
INFO: [ app_begin ] --START--
INFO: Run Behavior\ReadHtmlCacheBehavior [ RunTime:0.000000s ]
INFO: [ app_begin ] --END-- [ RunTime:0.000000s ]
SQL: SHOW COLUMNS FROM `lys_activity` [ RunTime:0.0060s ]
SQL: SHOW COLUMNS FROM `lxtx_products` [ RunTime:0.0030s ]
SQL: SELECT * FROM `lys_activity` WHERE `winning_time` < 1492228768 AND `is_putaway` = 1 ORDER BY id desc LIMIT 5   [ RunTime:0.0020s ]
SQL: SELECT `id`,`product_name`,`cover` FROM `lxtx_products` WHERE `id` = 1 LIMIT 1   [ RunTime:0.0020s ]
SQL: SELECT `id`,`product_name`,`cover` FROM `lxtx_products` WHERE `id` = 1 LIMIT 1   [ RunTime:0.0020s ]
SQL: SELECT `id`,`product_name`,`cover` FROM `lxtx_products` WHERE `id` = 1 LIMIT 1   [ RunTime:0.0020s ]
SQL: SELECT `id`,`product_name`,`cover` FROM `lxtx_products` WHERE `id` = 1 LIMIT 1   [ RunTime:0.0020s ]
SQL: SELECT `id`,`product_name`,`cover` FROM `lxtx_products` WHERE `id` = 1 LIMIT 1   [ RunTime:0.0020s ]
SQL: SELECT * FROM `lys_activity` WHERE `winning_time` > 1492228768 AND `end_time` < 1492228768 AND `is_putaway` = 1 ORDER BY id desc  [ RunTime:0.0040s ]
SQL: SELECT `id`,`product_name`,`cover` FROM `lxtx_products` WHERE `id` = 1 LIMIT 1   [ RunTime:0.0020s ]
SQL: SELECT * FROM `lys_activity` WHERE `start_time` > 1492228768 AND `is_putaway` = 1 ORDER BY id desc  [ RunTime:0.0020s ]
SQL: SELECT `id`,`product_name`,`cover` FROM `lxtx_products` WHERE `id` = 1 LIMIT 1   [ RunTime:0.0020s ]
SQL: SELECT * FROM `lys_activity` WHERE `start_time` < 1492228768 AND `end_time` > 1492228768 AND `is_putaway` = 1 ORDER BY id desc  [ RunTime:0.0020s ]
SQL: SELECT `id`,`product_name`,`cover` FROM `lxtx_products` WHERE `id` = 1 LIMIT 1   [ RunTime:0.0040s ]
INFO: [ view_parse ] --START--
INFO: [ template_filter ] --START--
INFO: Run Behavior\ContentReplaceBehavior [ RunTime:0.000000s ]
INFO: [ template_filter ] --END-- [ RunTime:0.000000s ]
INFO: Run Behavior\ParseTemplateBehavior [ RunTime:0.022001s ]
INFO: [ view_parse ] --END-- [ RunTime:0.022001s ]
INFO: [ view_filter ] --START--
INFO: Run Behavior\WriteHtmlCacheBehavior [ RunTime:0.000000s ]
INFO: [ view_filter ] --END-- [ RunTime:0.000000s ]
INFO: [ app_end ] --START--
INFO: Run Behavior\ShowPageTraceBehavior [ RunTime:0.001000s ]
INFO: [ app_end ] --END-- [ RunTime:0.001000s ]

[ 2017-04-15T11:59:29+08:00 ] 127.0.0.1 /lyg/lys/Home/Index/purchase.html?activity_id=56
INFO: [ app_init ] --START--
INFO: Run Behavior\BuildLiteBehavior [ RunTime:0.000000s ]
INFO: [ app_init ] --END-- [ RunTime:0.001000s ]
INFO: [ app_begin ] --START--
INFO: Run Behavior\ReadHtmlCacheBehavior [ RunTime:0.001000s ]
INFO: [ app_begin ] --END-- [ RunTime:0.001000s ]
SQL: SHOW COLUMNS FROM `lys_activity` [ RunTime:0.0020s ]
SQL: SELECT * FROM `lys_activity` WHERE `id` = '56' LIMIT 1   [ RunTime:0.0040s ]
SQL: SHOW COLUMNS FROM `lxtx_products` [ RunTime:0.0020s ]
SQL: SELECT `id`,`product_name`,`cover` FROM `lxtx_products` WHERE `id` = 1 LIMIT 1   [ RunTime:0.0020s ]
NOTIC: [8] Undefined index: description D:\phpStudy\WWW\lyg\lys\Application\Home\Controller\IndexController.class.php 第 162 行.
SQL: SHOW COLUMNS FROM `lxtx_users` [ RunTime:0.0030s ]
SQL: SHOW COLUMNS FROM `lxtx_users` [ RunTime:0.0020s ]
SQL: SELECT `nickname` FROM `lxtx_users` WHERE `id` = null LIMIT 1   [ RunTime:0.0020s ]
SQL: SHOW COLUMNS FROM `lys_record` [ RunTime:0.0020s ]
SQL: SELECT * FROM `lys_record` WHERE `u_id` = 3 LIMIT 1   [ RunTime:0.0020s ]
SQL: SHOW COLUMNS FROM `lys_draw` [ RunTime:0.0040s ]
SQL: SELECT `id`,`surplus_num`,`is_share` FROM `lys_draw` WHERE `u_id` = 3 AND `activity_id` = '56' LIMIT 1   [ RunTime:0.0030s ]
NOTIC: [8] Undefined index: 56 D:\phpStudy\WWW\lyg\lys\Application\Home\Controller\IndexController.class.php 第 181 行.
INFO: [ view_parse ] --START--
INFO: [ template_filter ] --START--
INFO: Run Behavior\ContentReplaceBehavior [ RunTime:0.000000s ]
INFO: [ template_filter ] --END-- [ RunTime:0.000000s ]
INFO: Run Behavior\ParseTemplateBehavior [ RunTime:0.014000s ]
INFO: [ view_parse ] --END-- [ RunTime:0.014000s ]
INFO: [ view_filter ] --START--
INFO: Run Behavior\WriteHtmlCacheBehavior [ RunTime:0.001000s ]
INFO: [ view_filter ] --END-- [ RunTime:0.001000s ]
INFO: [ app_end ] --START--
INFO: Run Behavior\ShowPageTraceBehavior [ RunTime:0.001001s ]
INFO: [ app_end ] --END-- [ RunTime:0.001001s ]

[ 2017-04-15T12:01:17+08:00 ] 127.0.0.1 /lyg/lys/Home/Index/purchase.html?activity_id=56
INFO: [ app_init ] --START--
INFO: Run Behavior\BuildLiteBehavior [ RunTime:0.000000s ]
INFO: [ app_init ] --END-- [ RunTime:0.000000s ]
INFO: [ app_begin ] --START--
INFO: Run Behavior\ReadHtmlCacheBehavior [ RunTime:0.001000s ]
INFO: [ app_begin ] --END-- [ RunTime:0.001000s ]
SQL: SHOW COLUMNS FROM `lys_activity` [ RunTime:0.0030s ]
SQL: SELECT * FROM `lys_activity` WHERE `id` = '56' LIMIT 1   [ RunTime:0.0030s ]
SQL: SHOW COLUMNS FROM `lxtx_products` [ RunTime:0.0050s ]
SQL: SELECT `id`,`product_name`,`cover` FROM `lxtx_products` WHERE `id` = 1 LIMIT 1   [ RunTime:0.0020s ]
NOTIC: [8] Undefined index: description D:\phpStudy\WWW\lyg\lys\Application\Home\Controller\IndexController.class.php 第 162 行.
SQL: SHOW COLUMNS FROM `lxtx_users` [ RunTime:0.0040s ]
SQL: SHOW COLUMNS FROM `lxtx_users` [ RunTime:0.0040s ]
SQL: SELECT `nickname` FROM `lxtx_users` WHERE `id` = null LIMIT 1   [ RunTime:0.0010s ]
SQL: SHOW COLUMNS FROM `lys_record` [ RunTime:0.0040s ]
SQL: SELECT * FROM `lys_record` WHERE `u_id` = 3 LIMIT 1   [ RunTime:0.0020s ]
SQL: SHOW COLUMNS FROM `lys_draw` [ RunTime:0.0020s ]
SQL: SELECT `id`,`surplus_num`,`is_share` FROM `lys_draw` WHERE `u_id` = 3 AND `activity_id` = '56' LIMIT 1   [ RunTime:0.0020s ]
NOTIC: [8] Undefined index: 56 D:\phpStudy\WWW\lyg\lys\Application\Home\Controller\IndexController.class.php 第 181 行.
INFO: [ view_parse ] --START--
INFO: [ template_filter ] --START--
INFO: Run Behavior\ContentReplaceBehavior [ RunTime:0.000000s ]
INFO: [ template_filter ] --END-- [ RunTime:0.000000s ]
INFO: Run Behavior\ParseTemplateBehavior [ RunTime:0.021001s ]
INFO: [ view_parse ] --END-- [ RunTime:0.021001s ]
INFO: [ view_filter ] --START--
INFO: Run Behavior\WriteHtmlCacheBehavior [ RunTime:0.001000s ]
INFO: [ view_filter ] --END-- [ RunTime:0.001000s ]
INFO: [ app_end ] --START--
INFO: Run Behavior\ShowPageTraceBehavior [ RunTime:0.001000s ]
INFO: [ app_end ] --END-- [ RunTime:0.001000s ]

[ 2017-04-15T12:01:20+08:00 ] 127.0.0.1 /lyg/lys/Home/Index/get_now_code.html?activity_id=56&_=1492228877417
INFO: [ app_init ] --START--
INFO: Run Behavior\BuildLiteBehavior [ RunTime:0.000000s ]
INFO: [ app_init ] --END-- [ RunTime:0.001000s ]
INFO: [ app_begin ] --START--
INFO: Run Behavior\ReadHtmlCacheBehavior [ RunTime:0.001000s ]
INFO: [ app_begin ] --END-- [ RunTime:0.001000s ]
SQL: SHOW COLUMNS FROM `lys_activity` [ RunTime:0.0020s ]
SQL: SELECT * FROM `lys_activity` WHERE `id` = '56' LIMIT 1   [ RunTime:0.0020s ]
SQL: SHOW COLUMNS FROM `lys_draw` [ RunTime:0.0030s ]
SQL: SELECT * FROM `lys_draw` WHERE `activity_id` = '56' AND `u_id` = 3 LIMIT 1   [ RunTime:0.0030s ]
SQL: SHOW COLUMNS FROM `lys_draw` [ RunTime:0.0020s ]
SQL: INSERT INTO `lys_draw` (`u_id`,`activity_id`,`draw_number`,`surplus_num`,`create_time`,`is_robot`) VALUES ('3','56','[00000001]','0','1492228880','0') [ RunTime:0.0020s ]
SQL: UPDATE `lys_activity` SET `id`='56',`u_id`=NULL,`product_id`='1',`winning_code`=NULL,`now_code`='00000001',`shop_num`='0',`award_num`='0',`market_price`='1',`players_num`='1',`start_time`='1492225860',`end_time`='1492229460',`create_time`='1492226714',`winning_time`='1492230060',`is_robot`='0',`robot_join`='0',`property`='1',`is_putaway`='1' WHERE `id` = '56' [ RunTime:0.0030s ]
SQL: SHOW COLUMNS FROM `lys_record` [ RunTime:0.0020s ]
SQL: SELECT * FROM `lys_record` WHERE `u_id` = 3 LIMIT 1   [ RunTime:0.0020s ]
SQL: UPDATE `lys_record` SET `content`='{\"41\":[\"00000001\",\"00000002\"],\"56\":[\"00000001\"]}' WHERE `u_id` = 3 [ RunTime:0.0020s ]

[ 2017-04-15T12:01:20+08:00 ] 127.0.0.1 /lyg/lys/Home/Index/purchase.html?activity_id=56
INFO: [ app_init ] --START--
INFO: Run Behavior\BuildLiteBehavior [ RunTime:0.000000s ]
INFO: [ app_init ] --END-- [ RunTime:0.001000s ]
INFO: [ app_begin ] --START--
INFO: Run Behavior\ReadHtmlCacheBehavior [ RunTime:0.000000s ]
INFO: [ app_begin ] --END-- [ RunTime:0.000000s ]
SQL: SHOW COLUMNS FROM `lys_activity` [ RunTime:0.0030s ]
SQL: SELECT * FROM `lys_activity` WHERE `id` = '56' LIMIT 1   [ RunTime:0.0020s ]
SQL: SHOW COLUMNS FROM `lxtx_products` [ RunTime:0.0010s ]
SQL: SELECT `id`,`product_name`,`cover` FROM `lxtx_products` WHERE `id` = 1 LIMIT 1   [ RunTime:0.0020s ]
NOTIC: [8] Undefined index: description D:\phpStudy\WWW\lyg\lys\Application\Home\Controller\IndexController.class.php 第 162 行.
SQL: SHOW COLUMNS FROM `lxtx_users` [ RunTime:0.0020s ]
SQL: SHOW COLUMNS FROM `lxtx_users` [ RunTime:0.0010s ]
SQL: SELECT `nickname` FROM `lxtx_users` WHERE `id` = null LIMIT 1   [ RunTime:0.0030s ]
SQL: SHOW COLUMNS FROM `lys_record` [ RunTime:0.0020s ]
SQL: SELECT * FROM `lys_record` WHERE `u_id` = 3 LIMIT 1   [ RunTime:0.0020s ]
SQL: SHOW COLUMNS FROM `lys_draw` [ RunTime:0.0020s ]
SQL: SELECT `id`,`surplus_num`,`is_share` FROM `lys_draw` WHERE `u_id` = 3 AND `activity_id` = '56' LIMIT 1   [ RunTime:0.0010s ]
INFO: [ view_parse ] --START--
INFO: [ template_filter ] --START--
INFO: Run Behavior\ContentReplaceBehavior [ RunTime:0.000000s ]
INFO: [ template_filter ] --END-- [ RunTime:0.000000s ]
INFO: Run Behavior\ParseTemplateBehavior [ RunTime:0.013000s ]
INFO: [ view_parse ] --END-- [ RunTime:0.013000s ]
INFO: [ view_filter ] --START--
INFO: Run Behavior\WriteHtmlCacheBehavior [ RunTime:0.001000s ]
INFO: [ view_filter ] --END-- [ RunTime:0.001000s ]
INFO: [ app_end ] --START--
INFO: Run Behavior\ShowPageTraceBehavior [ RunTime:0.001000s ]
INFO: [ app_end ] --END-- [ RunTime:0.001000s ]

[ 2017-04-15T12:02:05+08:00 ] 127.0.0.1 /lyg/lys/Home/Index/purchase.html?activity_id=56
INFO: [ app_init ] --START--
INFO: Run Behavior\BuildLiteBehavior [ RunTime:0.000000s ]
INFO: [ app_init ] --END-- [ RunTime:0.000000s ]
INFO: [ app_begin ] --START--
INFO: Run Behavior\ReadHtmlCacheBehavior [ RunTime:0.001000s ]
INFO: [ app_begin ] --END-- [ RunTime:0.001000s ]
SQL: SHOW COLUMNS FROM `lys_activity` [ RunTime:0.0080s ]
SQL: SELECT * FROM `lys_activity` WHERE `id` = '56' LIMIT 1   [ RunTime:0.0030s ]
SQL: SHOW COLUMNS FROM `lxtx_products` [ RunTime:0.0030s ]
SQL: SELECT `id`,`product_name`,`cover` FROM `lxtx_products` WHERE `id` = 1 LIMIT 1   [ RunTime:0.0020s ]
NOTIC: [8] Undefined index: description D:\phpStudy\WWW\lyg\lys\Application\Home\Controller\IndexController.class.php 第 162 行.
SQL: SHOW COLUMNS FROM `lxtx_users` [ RunTime:0.0020s ]
SQL: SHOW COLUMNS FROM `lxtx_users` [ RunTime:0.0040s ]
SQL: SELECT `nickname` FROM `lxtx_users` WHERE `id` = null LIMIT 1   [ RunTime:0.0020s ]
SQL: SHOW COLUMNS FROM `lys_record` [ RunTime:0.0020s ]
SQL: SELECT * FROM `lys_record` WHERE `u_id` = 4 LIMIT 1   [ RunTime:0.0030s ]
SQL: SHOW COLUMNS FROM `lys_draw` [ RunTime:0.0020s ]
SQL: SELECT `id`,`surplus_num`,`is_share` FROM `lys_draw` WHERE `u_id` = 4 AND `activity_id` = '56' LIMIT 1   [ RunTime:0.0010s ]
INFO: [ view_parse ] --START--
INFO: [ template_filter ] --START--
INFO: Run Behavior\ContentReplaceBehavior [ RunTime:0.000000s ]
INFO: [ template_filter ] --END-- [ RunTime:0.000000s ]
INFO: Run Behavior\ParseTemplateBehavior [ RunTime:0.014000s ]
INFO: [ view_parse ] --END-- [ RunTime:0.014000s ]
INFO: [ view_filter ] --START--
INFO: Run Behavior\WriteHtmlCacheBehavior [ RunTime:0.000000s ]
INFO: [ view_filter ] --END-- [ RunTime:0.001000s ]
INFO: [ app_end ] --START--
INFO: Run Behavior\ShowPageTraceBehavior [ RunTime:0.001001s ]
INFO: [ app_end ] --END-- [ RunTime:0.001001s ]

[ 2017-04-15T12:02:08+08:00 ] 127.0.0.1 /lyg/lys/Home/Index/get_now_code.html?activity_id=56&_=1492228925115
INFO: [ app_init ] --START--
INFO: Run Behavior\BuildLiteBehavior [ RunTime:0.000000s ]
INFO: [ app_init ] --END-- [ RunTime:0.001000s ]
INFO: [ app_begin ] --START--
INFO: Run Behavior\ReadHtmlCacheBehavior [ RunTime:0.001000s ]
INFO: [ app_begin ] --END-- [ RunTime:0.001000s ]
SQL: SHOW COLUMNS FROM `lys_activity` [ RunTime:0.0020s ]
SQL: SELECT * FROM `lys_activity` WHERE `id` = '56' LIMIT 1   [ RunTime:0.0040s ]
SQL: SHOW COLUMNS FROM `lys_draw` [ RunTime:0.0030s ]
SQL: SELECT * FROM `lys_draw` WHERE `activity_id` = '56' AND `u_id` = 4 LIMIT 1   [ RunTime:0.0020s ]
SQL: SHOW COLUMNS FROM `lys_draw` [ RunTime:0.0020s ]
SQL: INSERT INTO `lys_draw` (`u_id`,`activity_id`,`draw_number`,`surplus_num`,`create_time`,`is_robot`) VALUES ('4','56','[00000002]','0','1492228928','0') [ RunTime:0.0030s ]
SQL: UPDATE `lys_activity` SET `id`='56',`u_id`=NULL,`product_id`='1',`winning_code`=NULL,`now_code`='00000002',`shop_num`='0',`award_num`='0',`market_price`='1',`players_num`='2',`start_time`='1492225860',`end_time`='1492229460',`create_time`='1492226714',`winning_time`='1492230060',`is_robot`='0',`robot_join`='0',`property`='1',`is_putaway`='1' WHERE `id` = '56' [ RunTime:0.0020s ]
SQL: SHOW COLUMNS FROM `lys_record` [ RunTime:0.0030s ]
SQL: SELECT * FROM `lys_record` WHERE `u_id` = 4 LIMIT 1   [ RunTime:0.0020s ]
SQL: SHOW COLUMNS FROM `lys_record` [ RunTime:0.0020s ]
SQL: INSERT INTO `lys_record` (`u_id`,`content`,`create_time`,`is_robot`) VALUES ('4','{\"56\":[\"00000002\"]}','1492228928','0') [ RunTime:0.0020s ]

[ 2017-04-15T12:02:08+08:00 ] 127.0.0.1 /lyg/lys/Home/Index/purchase.html?activity_id=56
INFO: [ app_init ] --START--
INFO: Run Behavior\BuildLiteBehavior [ RunTime:0.000000s ]
INFO: [ app_init ] --END-- [ RunTime:0.000000s ]
INFO: [ app_begin ] --START--
INFO: Run Behavior\ReadHtmlCacheBehavior [ RunTime:0.001000s ]
INFO: [ app_begin ] --END-- [ RunTime:0.001000s ]
SQL: SHOW COLUMNS FROM `lys_activity` [ RunTime:0.0020s ]
SQL: SELECT * FROM `lys_activity` WHERE `id` = '56' LIMIT 1   [ RunTime:0.0020s ]
SQL: SHOW COLUMNS FROM `lxtx_products` [ RunTime:0.0010s ]
SQL: SELECT `id`,`product_name`,`cover` FROM `lxtx_products` WHERE `id` = 1 LIMIT 1   [ RunTime:0.0010s ]
NOTIC: [8] Undefined index: description D:\phpStudy\WWW\lyg\lys\Application\Home\Controller\IndexController.class.php 第 162 行.
SQL: SHOW COLUMNS FROM `lxtx_users` [ RunTime:0.0020s ]
SQL: SHOW COLUMNS FROM `lxtx_users` [ RunTime:0.0020s ]
SQL: SELECT `nickname` FROM `lxtx_users` WHERE `id` = null LIMIT 1   [ RunTime:0.0020s ]
SQL: SHOW COLUMNS FROM `lys_record` [ RunTime:0.0010s ]
SQL: SELECT * FROM `lys_record` WHERE `u_id` = 4 LIMIT 1   [ RunTime:0.0020s ]
SQL: SHOW COLUMNS FROM `lys_draw` [ RunTime:0.0030s ]
SQL: SELECT `id`,`surplus_num`,`is_share` FROM `lys_draw` WHERE `u_id` = 4 AND `activity_id` = '56' LIMIT 1   [ RunTime:0.0030s ]
INFO: [ view_parse ] --START--
INFO: [ template_filter ] --START--
INFO: Run Behavior\ContentReplaceBehavior [ RunTime:0.000000s ]
INFO: [ template_filter ] --END-- [ RunTime:0.000000s ]
INFO: Run Behavior\ParseTemplateBehavior [ RunTime:0.012001s ]
INFO: [ view_parse ] --END-- [ RunTime:0.012001s ]
INFO: [ view_filter ] --START--
INFO: Run Behavior\WriteHtmlCacheBehavior [ RunTime:0.000000s ]
INFO: [ view_filter ] --END-- [ RunTime:0.000000s ]
INFO: [ app_end ] --START--
INFO: Run Behavior\ShowPageTraceBehavior [ RunTime:0.000000s ]
INFO: [ app_end ] --END-- [ RunTime:0.000000s ]

[ 2017-04-15T12:11:00+08:00 ] 127.0.0.1 /lyg/lys/Home/Index/purchase.html?activity_id=56
INFO: [ app_init ] --START--
INFO: Run Behavior\BuildLiteBehavior [ RunTime:0.000000s ]
INFO: [ app_init ] --END-- [ RunTime:0.000000s ]
INFO: [ app_begin ] --START--
INFO: Run Behavior\ReadHtmlCacheBehavior [ RunTime:0.000000s ]
INFO: [ app_begin ] --END-- [ RunTime:0.000000s ]
SQL: SHOW COLUMNS FROM `lys_activity` [ RunTime:0.0030s ]
SQL: SELECT * FROM `lys_activity` WHERE `id` = '56' LIMIT 1   [ RunTime:0.0020s ]
SQL: SHOW COLUMNS FROM `lxtx_products` [ RunTime:0.0050s ]
SQL: SELECT `id`,`product_name`,`cover` FROM `lxtx_products` WHERE `id` = 1 LIMIT 1   [ RunTime:0.0020s ]
NOTIC: [8] Undefined index: description D:\phpStudy\WWW\lyg\lys\Application\Home\Controller\IndexController.class.php 第 162 行.
SQL: SHOW COLUMNS FROM `lxtx_users` [ RunTime:0.0030s ]
SQL: SHOW COLUMNS FROM `lxtx_users` [ RunTime:0.0020s ]
SQL: SELECT `nickname` FROM `lxtx_users` WHERE `id` = null LIMIT 1   [ RunTime:0.0020s ]
SQL: SHOW COLUMNS FROM `lys_record` [ RunTime:0.0020s ]
SQL: SELECT * FROM `lys_record` WHERE `u_id` = 4 LIMIT 1   [ RunTime:0.0020s ]
SQL: SHOW COLUMNS FROM `lys_draw` [ RunTime:0.0020s ]
SQL: SELECT `id`,`surplus_num`,`is_share` FROM `lys_draw` WHERE `u_id` = 4 AND `activity_id` = '56' LIMIT 1   [ RunTime:0.0010s ]
INFO: [ view_parse ] --START--
INFO: [ template_filter ] --START--
INFO: Run Behavior\ContentReplaceBehavior [ RunTime:0.000000s ]
INFO: [ template_filter ] --END-- [ RunTime:0.000000s ]
INFO: Run Behavior\ParseTemplateBehavior [ RunTime:0.011001s ]
INFO: [ view_parse ] --END-- [ RunTime:0.011001s ]
INFO: [ view_filter ] --START--
INFO: Run Behavior\WriteHtmlCacheBehavior [ RunTime:0.000000s ]
INFO: [ view_filter ] --END-- [ RunTime:0.000000s ]
INFO: [ app_end ] --START--
INFO: Run Behavior\ShowPageTraceBehavior [ RunTime:0.001000s ]
INFO: [ app_end ] --END-- [ RunTime:0.001000s ]

