[ 2017-04-20T10:05:40+08:00 ] 127.0.0.1 /lyg/lys/
INFO: [ app_init ] --START--
INFO: Run Behavior\BuildLiteBehavior [ RunTime:0.000000s ]
INFO: [ app_init ] --END-- [ RunTime:0.000000s ]
INFO: [ app_begin ] --START--
INFO: Run Behavior\ReadHtmlCacheBehavior [ RunTime:0.001000s ]
INFO: [ app_begin ] --END-- [ RunTime:0.001000s ]
SQL: SHOW COLUMNS FROM `lys_activity` [ RunTime:0.0040s ]
SQL: SHOW COLUMNS FROM `lxtx_products` [ RunTime:0.0030s ]
SQL: SELECT * FROM `lys_activity` WHERE `winning_time` < 1492653940 AND `is_putaway` = 1 ORDER BY id desc LIMIT 5   [ RunTime:0.0040s ]
SQL: SELECT `id`,`product_name`,`cover` FROM `lxtx_products` WHERE `id` = 2 LIMIT 1   [ RunTime:0.0050s ]
SQL: SELECT `id`,`product_name`,`cover` FROM `lxtx_products` WHERE `id` = 1 LIMIT 1   [ RunTime:0.0040s ]
SQL: SELECT `id`,`product_name`,`cover` FROM `lxtx_products` WHERE `id` = 4 LIMIT 1   [ RunTime:0.0040s ]
SQL: SELECT `id`,`product_name`,`cover` FROM `lxtx_products` WHERE `id` = 18 LIMIT 1   [ RunTime:0.0050s ]
SQL: SELECT `id`,`product_name`,`cover` FROM `lxtx_products` WHERE `id` = 2 LIMIT 1   [ RunTime:0.0040s ]
SQL: SELECT * FROM `lys_activity` WHERE `winning_time` > 1492653940 AND `end_time` < 1492653940 AND `is_putaway` = 1 ORDER BY id desc  [ RunTime:0.0040s ]
SQL: SELECT * FROM `lys_activity` WHERE `start_time` > 1492653940 AND `is_putaway` = 1 ORDER BY id desc  [ RunTime:0.0070s ]
SQL: SELECT * FROM `lys_activity` WHERE `start_time` < 1492653940 AND `end_time` > 1492653940 AND `is_putaway` = 1 ORDER BY id desc  [ RunTime:0.0030s ]
NOTIC: [8] Undefined variable: activity_data_await_time D:\phpStudy\WWW\lyg\lys\Application\Home\Controller\IndexController.class.php Á¨¨ 98 Ë°å.
NOTIC: [2] implode() [<a href='function.implode'>function.implode</a>]: Invalid arguments passed D:\phpStudy\WWW\lyg\lys\Application\Home\Controller\IndexController.class.php Á¨¨ 98 Ë°å.
NOTIC: [8] Undefined variable: activity_data_start_time D:\phpStudy\WWW\lyg\lys\Application\Home\Controller\IndexController.class.php Á¨¨ 103 Ë°å.
NOTIC: [2] implode() [<a href='function.implode'>function.implode</a>]: Invalid arguments passed D:\phpStudy\WWW\lyg\lys\Application\Home\Controller\IndexController.class.php Á¨¨ 103 Ë°å.
NOTIC: [8] Undefined variable: activity_data_end_time D:\phpStudy\WWW\lyg\lys\Application\Home\Controller\IndexController.class.php Á¨¨ 108 Ë°å.
NOTIC: [2] implode() [<a href='function.implode'>function.implode</a>]: Invalid arguments passed D:\phpStudy\WWW\lyg\lys\Application\Home\Controller\IndexController.class.php Á¨¨ 108 Ë°å.
INFO: [ view_parse ] --START--
INFO: [ template_filter ] --START--
INFO: Run Behavior\ContentReplaceBehavior [ RunTime:0.000000s ]
INFO: [ template_filter ] --END-- [ RunTime:0.000000s ]
INFO: Run Behavior\ParseTemplateBehavior [ RunTime:0.028002s ]
INFO: [ view_parse ] --END-- [ RunTime:0.028002s ]
INFO: [ view_filter ] --START--
INFO: Run Behavior\WriteHtmlCacheBehavior [ RunTime:0.001000s ]
INFO: [ view_filter ] --END-- [ RunTime:0.001000s ]
INFO: [ app_end ] --START--
INFO: Run Behavior\ShowPageTraceBehavior [ RunTime:0.001000s ]
INFO: [ app_end ] --END-- [ RunTime:0.001000s ]

[ 2017-04-20T10:05:49+08:00 ] 127.0.0.1 /lyg/lys/
INFO: [ app_init ] --START--
INFO: Run Behavior\BuildLiteBehavior [ RunTime:0.000000s ]
INFO: [ app_init ] --END-- [ RunTime:0.002000s ]
INFO: [ app_begin ] --START--
INFO: Run Behavior\ReadHtmlCacheBehavior [ RunTime:0.001000s ]
INFO: [ app_begin ] --END-- [ RunTime:0.002000s ]
NOTIC: [2] PDO::__construct() [<a href='pdo.--construct'>pdo.--construct</a>]: [2002] ”…”⁄¡¨Ω”∑Ω‘⁄“ª∂Œ ±º‰∫Û√ª”–’˝»∑¥∏¥ªÚ¡¨Ω”µƒ÷˜ª˙√ª”–∑¥”¶£¨¡¨Ω”≥¢ ‘ ß∞‹°£
 (trying to connect via tcp://rm-bp10913qhycd944jn.mysql.rds.aliyuncs.com:3306) D:\phpStudy\WWW\lyg\lys\ThinkPHP\Library\Think\Db\Driver.class.php Á¨¨ 103 Ë°å.
ERR: SQLSTATE[HY000] [2002] ”…”⁄¡¨Ω”∑Ω‘⁄“ª∂Œ ±º‰∫Û√ª”–’˝»∑¥∏¥ªÚ¡¨Ω”µƒ÷˜ª˙√ª”–∑¥”¶£¨¡¨Ω”≥¢ ‘ ß∞‹°£


[ 2017-04-20T10:05:50+08:00 ] 127.0.0.1 /lyg/lys/
INFO: [ app_init ] --START--
INFO: Run Behavior\BuildLiteBehavior [ RunTime:0.000000s ]
INFO: [ app_init ] --END-- [ RunTime:0.000000s ]
INFO: [ app_begin ] --START--
INFO: Run Behavior\ReadHtmlCacheBehavior [ RunTime:0.001000s ]
INFO: [ app_begin ] --END-- [ RunTime:0.001000s ]
NOTIC: [2] PDO::__construct() [<a href='pdo.--construct'>pdo.--construct</a>]: [2002] ”…”⁄¡¨Ω”∑Ω‘⁄“ª∂Œ ±º‰∫Û√ª”–’˝»∑¥∏¥ªÚ¡¨Ω”µƒ÷˜ª˙√ª”–∑¥”¶£¨¡¨Ω”≥¢ ‘ ß∞‹°£
 (trying to connect via tcp://rm-bp10913qhycd944jn.mysql.rds.aliyuncs.com:3306) D:\phpStudy\WWW\lyg\lys\ThinkPHP\Library\Think\Db\Driver.class.php Á¨¨ 103 Ë°å.
ERR: SQLSTATE[HY000] [2002] ”…”⁄¡¨Ω”∑Ω‘⁄“ª∂Œ ±º‰∫Û√ª”–’˝»∑¥∏¥ªÚ¡¨Ω”µƒ÷˜ª˙√ª”–∑¥”¶£¨¡¨Ω”≥¢ ‘ ß∞‹°£


[ 2017-04-20T10:06:13+08:00 ] 127.0.0.1 /lyg/lys/Home/Index/purchase.html?activity_id=68
INFO: [ app_init ] --START--
INFO: Run Behavior\BuildLiteBehavior [ RunTime:0.000000s ]
INFO: [ app_init ] --END-- [ RunTime:0.000000s ]
INFO: [ app_begin ] --START--
INFO: Run Behavior\ReadHtmlCacheBehavior [ RunTime:0.001000s ]
INFO: [ app_begin ] --END-- [ RunTime:0.001000s ]

[ 2017-04-20T10:50:01+08:00 ] 127.0.0.1 /lyg/lys/
INFO: [ app_init ] --START--
INFO: Run Behavior\BuildLiteBehavior [ RunTime:0.001000s ]
INFO: [ app_init ] --END-- [ RunTime:0.001000s ]
INFO: [ app_begin ] --START--
INFO: Run Behavior\ReadHtmlCacheBehavior [ RunTime:0.001000s ]
INFO: [ app_begin ] --END-- [ RunTime:0.001000s ]
NOTIC: [2] PDO::__construct() [<a href='pdo.--construct'>pdo.--construct</a>]: [2002] ”…”⁄¡¨Ω”∑Ω‘⁄“ª∂Œ ±º‰∫Û√ª”–’˝»∑¥∏¥ªÚ¡¨Ω”µƒ÷˜ª˙√ª”–∑¥”¶£¨¡¨Ω”≥¢ ‘ ß∞‹°£
 (trying to connect via tcp://rm-bp10913qhycd944jn.mysql.rds.aliyuncs.com:3306) D:\phpStudy\WWW\lyg\lys\ThinkPHP\Library\Think\Db\Driver.class.php Á¨¨ 103 Ë°å.
ERR: SQLSTATE[HY000] [2002] ”…”⁄¡¨Ω”∑Ω‘⁄“ª∂Œ ±º‰∫Û√ª”–’˝»∑¥∏¥ªÚ¡¨Ω”µƒ÷˜ª˙√ª”–∑¥”¶£¨¡¨Ω”≥¢ ‘ ß∞‹°£


[ 2017-04-20T10:50:02+08:00 ] 127.0.0.1 /lyg/lys/
INFO: [ app_init ] --START--
INFO: Run Behavior\BuildLiteBehavior [ RunTime:0.000000s ]
INFO: [ app_init ] --END-- [ RunTime:0.000000s ]
INFO: [ app_begin ] --START--
INFO: Run Behavior\ReadHtmlCacheBehavior [ RunTime:0.000000s ]
INFO: [ app_begin ] --END-- [ RunTime:0.000000s ]
SQL: SHOW COLUMNS FROM `lys_activity` [ RunTime:0.0020s ]
SQL: SHOW COLUMNS FROM `lxtx_products` [ RunTime:0.0030s ]
SQL: SELECT * FROM `lys_activity` WHERE `winning_time` < 1492656602 AND `is_putaway` = 1 ORDER BY id desc LIMIT 5   [ RunTime:0.0040s ]
SQL: SELECT `id`,`product_name`,`cover` FROM `lxtx_products` WHERE `id` = 2 LIMIT 1   [ RunTime:0.0040s ]
SQL: SELECT `id`,`product_name`,`cover` FROM `lxtx_products` WHERE `id` = 1 LIMIT 1   [ RunTime:0.0040s ]
SQL: SELECT `id`,`product_name`,`cover` FROM `lxtx_products` WHERE `id` = 4 LIMIT 1   [ RunTime:0.0040s ]
SQL: SELECT `id`,`product_name`,`cover` FROM `lxtx_products` WHERE `id` = 18 LIMIT 1   [ RunTime:0.0040s ]
SQL: SELECT `id`,`product_name`,`cover` FROM `lxtx_products` WHERE `id` = 2 LIMIT 1   [ RunTime:0.0070s ]
SQL: SELECT * FROM `lys_activity` WHERE `winning_time` > 1492656602 AND `end_time` < 1492656602 AND `is_putaway` = 1 ORDER BY id desc  [ RunTime:0.0030s ]
SQL: SELECT * FROM `lys_activity` WHERE `start_time` > 1492656602 AND `is_putaway` = 1 ORDER BY id desc  [ RunTime:0.0040s ]
SQL: SELECT * FROM `lys_activity` WHERE `start_time` < 1492656602 AND `end_time` > 1492656602 AND `is_putaway` = 1 ORDER BY id desc  [ RunTime:0.0040s ]
NOTIC: [8] Undefined variable: activity_data_await_time D:\phpStudy\WWW\lyg\lys\Application\Home\Controller\IndexController.class.php Á¨¨ 98 Ë°å.
NOTIC: [2] implode() [<a href='function.implode'>function.implode</a>]: Invalid arguments passed D:\phpStudy\WWW\lyg\lys\Application\Home\Controller\IndexController.class.php Á¨¨ 98 Ë°å.
NOTIC: [8] Undefined variable: activity_data_start_time D:\phpStudy\WWW\lyg\lys\Application\Home\Controller\IndexController.class.php Á¨¨ 103 Ë°å.
NOTIC: [2] implode() [<a href='function.implode'>function.implode</a>]: Invalid arguments passed D:\phpStudy\WWW\lyg\lys\Application\Home\Controller\IndexController.class.php Á¨¨ 103 Ë°å.
NOTIC: [8] Undefined variable: activity_data_end_time D:\phpStudy\WWW\lyg\lys\Application\Home\Controller\IndexController.class.php Á¨¨ 108 Ë°å.
NOTIC: [2] implode() [<a href='function.implode'>function.implode</a>]: Invalid arguments passed D:\phpStudy\WWW\lyg\lys\Application\Home\Controller\IndexController.class.php Á¨¨ 108 Ë°å.
INFO: [ view_parse ] --START--
INFO: [ template_filter ] --START--
INFO: Run Behavior\ContentReplaceBehavior [ RunTime:0.000000s ]
INFO: [ template_filter ] --END-- [ RunTime:0.000000s ]
INFO: Run Behavior\ParseTemplateBehavior [ RunTime:0.025002s ]
INFO: [ view_parse ] --END-- [ RunTime:0.025002s ]
INFO: [ view_filter ] --START--
INFO: Run Behavior\WriteHtmlCacheBehavior [ RunTime:0.001000s ]
INFO: [ view_filter ] --END-- [ RunTime:0.001000s ]
INFO: [ app_end ] --START--
INFO: Run Behavior\ShowPageTraceBehavior [ RunTime:0.001000s ]
INFO: [ app_end ] --END-- [ RunTime:0.001000s ]

[ 2017-04-20T10:50:02+08:00 ] 127.0.0.1 /lyg/lys/
INFO: [ app_init ] --START--
INFO: Run Behavior\BuildLiteBehavior [ RunTime:0.000000s ]
INFO: [ app_init ] --END-- [ RunTime:0.000000s ]
INFO: [ app_begin ] --START--
INFO: Run Behavior\ReadHtmlCacheBehavior [ RunTime:0.001000s ]
INFO: [ app_begin ] --END-- [ RunTime:0.001000s ]
SQL: SHOW COLUMNS FROM `lys_activity` [ RunTime:0.0020s ]
SQL: SHOW COLUMNS FROM `lxtx_products` [ RunTime:0.0040s ]
SQL: SELECT * FROM `lys_activity` WHERE `winning_time` < 1492656602 AND `is_putaway` = 1 ORDER BY id desc LIMIT 5   [ RunTime:0.0040s ]
SQL: SELECT `id`,`product_name`,`cover` FROM `lxtx_products` WHERE `id` = 2 LIMIT 1   [ RunTime:0.0030s ]
SQL: SELECT `id`,`product_name`,`cover` FROM `lxtx_products` WHERE `id` = 1 LIMIT 1   [ RunTime:0.0040s ]
SQL: SELECT `id`,`product_name`,`cover` FROM `lxtx_products` WHERE `id` = 4 LIMIT 1   [ RunTime:0.0040s ]
SQL: SELECT `id`,`product_name`,`cover` FROM `lxtx_products` WHERE `id` = 18 LIMIT 1   [ RunTime:0.0040s ]
SQL: SELECT `id`,`product_name`,`cover` FROM `lxtx_products` WHERE `id` = 2 LIMIT 1   [ RunTime:0.0040s ]
SQL: SELECT * FROM `lys_activity` WHERE `winning_time` > 1492656602 AND `end_time` < 1492656602 AND `is_putaway` = 1 ORDER BY id desc  [ RunTime:0.0040s ]
SQL: SELECT * FROM `lys_activity` WHERE `start_time` > 1492656602 AND `is_putaway` = 1 ORDER BY id desc  [ RunTime:0.0040s ]
SQL: SELECT * FROM `lys_activity` WHERE `start_time` < 1492656602 AND `end_time` > 1492656602 AND `is_putaway` = 1 ORDER BY id desc  [ RunTime:0.0040s ]
NOTIC: [8] Undefined variable: activity_data_await_time D:\phpStudy\WWW\lyg\lys\Application\Home\Controller\IndexController.class.php Á¨¨ 98 Ë°å.
NOTIC: [2] implode() [<a href='function.implode'>function.implode</a>]: Invalid arguments passed D:\phpStudy\WWW\lyg\lys\Application\Home\Controller\IndexController.class.php Á¨¨ 98 Ë°å.
NOTIC: [8] Undefined variable: activity_data_start_time D:\phpStudy\WWW\lyg\lys\Application\Home\Controller\IndexController.class.php Á¨¨ 103 Ë°å.
NOTIC: [2] implode() [<a href='function.implode'>function.implode</a>]: Invalid arguments passed D:\phpStudy\WWW\lyg\lys\Application\Home\Controller\IndexController.class.php Á¨¨ 103 Ë°å.
NOTIC: [8] Undefined variable: activity_data_end_time D:\phpStudy\WWW\lyg\lys\Application\Home\Controller\IndexController.class.php Á¨¨ 108 Ë°å.
NOTIC: [2] implode() [<a href='function.implode'>function.implode</a>]: Invalid arguments passed D:\phpStudy\WWW\lyg\lys\Application\Home\Controller\IndexController.class.php Á¨¨ 108 Ë°å.
INFO: [ view_parse ] --START--
INFO: [ template_filter ] --START--
INFO: Run Behavior\ContentReplaceBehavior [ RunTime:0.000000s ]
INFO: [ template_filter ] --END-- [ RunTime:0.000000s ]
INFO: Run Behavior\ParseTemplateBehavior [ RunTime:0.018001s ]
INFO: [ view_parse ] --END-- [ RunTime:0.018001s ]
INFO: [ view_filter ] --START--
INFO: Run Behavior\WriteHtmlCacheBehavior [ RunTime:0.001000s ]
INFO: [ view_filter ] --END-- [ RunTime:0.001000s ]
INFO: [ app_end ] --START--
INFO: Run Behavior\ShowPageTraceBehavior [ RunTime:0.001000s ]
INFO: [ app_end ] --END-- [ RunTime:0.001000s ]

[ 2017-04-20T10:50:14+08:00 ] 127.0.0.1 /lyg/lys/
INFO: [ app_init ] --START--
INFO: Run Behavior\BuildLiteBehavior [ RunTime:0.001000s ]
INFO: [ app_init ] --END-- [ RunTime:0.001000s ]
INFO: [ app_begin ] --START--
INFO: Run Behavior\ReadHtmlCacheBehavior [ RunTime:0.001000s ]
INFO: [ app_begin ] --END-- [ RunTime:0.001000s ]
SQL: SHOW COLUMNS FROM `lys_activity` [ RunTime:0.0020s ]
SQL: SHOW COLUMNS FROM `lxtx_products` [ RunTime:0.0030s ]
SQL: SELECT * FROM `lys_activity` WHERE `winning_time` < 1492656614 AND `is_putaway` = 1 ORDER BY id desc LIMIT 5   [ RunTime:0.0030s ]
SQL: SELECT `id`,`product_name`,`cover` FROM `lxtx_products` WHERE `id` = 2 LIMIT 1   [ RunTime:0.0020s ]
SQL: SELECT `id`,`product_name`,`cover` FROM `lxtx_products` WHERE `id` = 1 LIMIT 1   [ RunTime:0.0020s ]
SQL: SELECT `id`,`product_name`,`cover` FROM `lxtx_products` WHERE `id` = 4 LIMIT 1   [ RunTime:0.0020s ]
SQL: SELECT `id`,`product_name`,`cover` FROM `lxtx_products` WHERE `id` = 18 LIMIT 1   [ RunTime:0.0010s ]
SQL: SELECT `id`,`product_name`,`cover` FROM `lxtx_products` WHERE `id` = 2 LIMIT 1   [ RunTime:0.0020s ]
SQL: SELECT * FROM `lys_activity` WHERE `winning_time` > 1492656614 AND `end_time` < 1492656614 AND `is_putaway` = 1 ORDER BY id desc  [ RunTime:0.0020s ]
SQL: SELECT * FROM `lys_activity` WHERE `start_time` > 1492656614 AND `is_putaway` = 1 ORDER BY id desc  [ RunTime:0.0020s ]
SQL: SELECT * FROM `lys_activity` WHERE `start_time` < 1492656614 AND `end_time` > 1492656614 AND `is_putaway` = 1 ORDER BY id desc  [ RunTime:0.0030s ]
SQL: SELECT `id`,`product_name`,`cover` FROM `lxtx_products` WHERE `id` = 2 LIMIT 1   [ RunTime:0.0020s ]
NOTIC: [8] Undefined variable: activity_data_await_time D:\phpStudy\WWW\lyg\lys\Application\Home\Controller\IndexController.class.php Á¨¨ 98 Ë°å.
NOTIC: [2] implode() [<a href='function.implode'>function.implode</a>]: Invalid arguments passed D:\phpStudy\WWW\lyg\lys\Application\Home\Controller\IndexController.class.php Á¨¨ 98 Ë°å.
NOTIC: [8] Undefined variable: activity_data_start_time D:\phpStudy\WWW\lyg\lys\Application\Home\Controller\IndexController.class.php Á¨¨ 103 Ë°å.
NOTIC: [2] implode() [<a href='function.implode'>function.implode</a>]: Invalid arguments passed D:\phpStudy\WWW\lyg\lys\Application\Home\Controller\IndexController.class.php Á¨¨ 103 Ë°å.
INFO: [ view_parse ] --START--
INFO: [ template_filter ] --START--
INFO: Run Behavior\ContentReplaceBehavior [ RunTime:0.000000s ]
INFO: [ template_filter ] --END-- [ RunTime:0.000000s ]
INFO: Run Behavior\ParseTemplateBehavior [ RunTime:0.023002s ]
INFO: [ view_parse ] --END-- [ RunTime:0.023002s ]
INFO: [ view_filter ] --START--
INFO: Run Behavior\WriteHtmlCacheBehavior [ RunTime:0.000000s ]
INFO: [ view_filter ] --END-- [ RunTime:0.000000s ]
INFO: [ app_end ] --START--
INFO: Run Behavior\ShowPageTraceBehavior [ RunTime:0.001000s ]
INFO: [ app_end ] --END-- [ RunTime:0.001000s ]

[ 2017-04-20T10:50:48+08:00 ] 127.0.0.1 /lyg/lys/
INFO: [ app_init ] --START--
INFO: Run Behavior\BuildLiteBehavior [ RunTime:0.000000s ]
INFO: [ app_init ] --END-- [ RunTime:0.001000s ]
INFO: [ app_begin ] --START--
INFO: Run Behavior\ReadHtmlCacheBehavior [ RunTime:0.001000s ]
INFO: [ app_begin ] --END-- [ RunTime:0.001000s ]
SQL: SHOW COLUMNS FROM `lys_activity` [ RunTime:0.0050s ]
SQL: SHOW COLUMNS FROM `lxtx_products` [ RunTime:0.0030s ]
SQL: SELECT * FROM `lys_activity` WHERE `winning_time` < 1492656647 AND `is_putaway` = 1 ORDER BY id desc LIMIT 5   [ RunTime:0.0040s ]
SQL: SELECT `id`,`product_name`,`cover` FROM `lxtx_products` WHERE `id` = 2 LIMIT 1   [ RunTime:0.0040s ]
SQL: SELECT `id`,`product_name`,`cover` FROM `lxtx_products` WHERE `id` = 2 LIMIT 1   [ RunTime:0.0040s ]
SQL: SELECT `id`,`product_name`,`cover` FROM `lxtx_products` WHERE `id` = 1 LIMIT 1   [ RunTime:0.0040s ]
SQL: SELECT `id`,`product_name`,`cover` FROM `lxtx_products` WHERE `id` = 4 LIMIT 1   [ RunTime:0.0040s ]
SQL: SELECT `id`,`product_name`,`cover` FROM `lxtx_products` WHERE `id` = 18 LIMIT 1   [ RunTime:0.0040s ]
SQL: SELECT * FROM `lys_activity` WHERE `winning_time` > 1492656647 AND `end_time` < 1492656647 AND `is_putaway` = 1 ORDER BY id desc  [ RunTime:0.0040s ]
SQL: SELECT * FROM `lys_activity` WHERE `start_time` > 1492656647 AND `is_putaway` = 1 ORDER BY id desc  [ RunTime:0.0050s ]
SQL: SELECT * FROM `lys_activity` WHERE `start_time` < 1492656647 AND `end_time` > 1492656647 AND `is_putaway` = 1 ORDER BY id desc  [ RunTime:0.0030s ]
NOTIC: [8] Undefined variable: activity_data_await_time D:\phpStudy\WWW\lyg\lys\Application\Home\Controller\IndexController.class.php Á¨¨ 98 Ë°å.
NOTIC: [2] implode() [<a href='function.implode'>function.implode</a>]: Invalid arguments passed D:\phpStudy\WWW\lyg\lys\Application\Home\Controller\IndexController.class.php Á¨¨ 98 Ë°å.
NOTIC: [8] Undefined variable: activity_data_start_time D:\phpStudy\WWW\lyg\lys\Application\Home\Controller\IndexController.class.php Á¨¨ 103 Ë°å.
NOTIC: [2] implode() [<a href='function.implode'>function.implode</a>]: Invalid arguments passed D:\phpStudy\WWW\lyg\lys\Application\Home\Controller\IndexController.class.php Á¨¨ 103 Ë°å.
NOTIC: [8] Undefined variable: activity_data_end_time D:\phpStudy\WWW\lyg\lys\Application\Home\Controller\IndexController.class.php Á¨¨ 108 Ë°å.
NOTIC: [2] implode() [<a href='function.implode'>function.implode</a>]: Invalid arguments passed D:\phpStudy\WWW\lyg\lys\Application\Home\Controller\IndexController.class.php Á¨¨ 108 Ë°å.
INFO: [ view_parse ] --START--
INFO: [ template_filter ] --START--
INFO: Run Behavior\ContentReplaceBehavior [ RunTime:0.000000s ]
INFO: [ template_filter ] --END-- [ RunTime:0.000000s ]
INFO: Run Behavior\ParseTemplateBehavior [ RunTime:0.027002s ]
INFO: [ view_parse ] --END-- [ RunTime:0.027002s ]
INFO: [ view_filter ] --START--
INFO: Run Behavior\WriteHtmlCacheBehavior [ RunTime:0.000000s ]
INFO: [ view_filter ] --END-- [ RunTime:0.000000s ]
INFO: [ app_end ] --START--
INFO: Run Behavior\ShowPageTraceBehavior [ RunTime:0.001000s ]
INFO: [ app_end ] --END-- [ RunTime:0.002000s ]

