[ 2017-03-31T09:17:48+08:00 ] 127.0.0.1 /index.php/Home/Index/index
INFO: [ app_init ] --START--
INFO: Run Behavior\BuildLiteBehavior [ RunTime:0.000000s ]
INFO: [ app_init ] --END-- [ RunTime:0.002000s ]
INFO: [ app_begin ] --START--
INFO: Run Behavior\ReadHtmlCacheBehavior [ RunTime:0.001000s ]
INFO: [ app_begin ] --END-- [ RunTime:0.001000s ]
SQL: SHOW COLUMNS FROM `lys_activity` [ RunTime:0.0020s ]
SQL: SELECT * FROM `lys_activity` WHERE `property` = 1 ORDER BY create_time LIMIT 2   [ RunTime:0.0060s ]
SQL: SELECT * FROM `lys_activity` WHERE `property` = 2 LIMIT 1   [ RunTime:0.0020s ]
SQL: SELECT * FROM `lys_activity` WHERE `property` = 3 LIMIT 1   [ RunTime:0.0050s ]
SQL: SELECT * FROM `lys_activity` WHERE `property` = 4 LIMIT 1   [ RunTime:0.0020s ]
INFO: [ view_parse ] --START--
INFO: [ template_filter ] --START--
INFO: Run Behavior\ContentReplaceBehavior [ RunTime:0.000000s ]
INFO: [ template_filter ] --END-- [ RunTime:0.000000s ]
INFO: Run Behavior\ParseTemplateBehavior [ RunTime:0.016001s ]
INFO: [ view_parse ] --END-- [ RunTime:0.016001s ]
INFO: [ view_filter ] --START--
INFO: Run Behavior\WriteHtmlCacheBehavior [ RunTime:0.001000s ]
INFO: [ view_filter ] --END-- [ RunTime:0.001000s ]
INFO: [ app_end ] --START--
INFO: Run Behavior\ShowPageTraceBehavior [ RunTime:0.001000s ]
INFO: [ app_end ] --END-- [ RunTime:0.001000s ]

[ 2017-03-31T09:17:59+08:00 ] 127.0.0.1 /Home/Index/purchase.html?activity_id=12
INFO: [ app_init ] --START--
INFO: Run Behavior\BuildLiteBehavior [ RunTime:0.000000s ]
INFO: [ app_init ] --END-- [ RunTime:0.000000s ]
INFO: [ app_begin ] --START--
INFO: Run Behavior\ReadHtmlCacheBehavior [ RunTime:0.000000s ]
INFO: [ app_begin ] --END-- [ RunTime:0.000000s ]
SQL: SHOW COLUMNS FROM `lys_activity` [ RunTime:0.0020s ]
SQL: SELECT * FROM `lys_activity` WHERE `id` = '12' LIMIT 1   [ RunTime:0.0020s ]
SQL: SHOW COLUMNS FROM `lxtx_users` [ RunTime:0.0030s ]
SQL: SHOW COLUMNS FROM `lxtx_users` [ RunTime:0.0040s ]
SQL: SELECT `phone` FROM `lxtx_users` WHERE `id` = null LIMIT 1   [ RunTime:0.0010s ]
SQL: SHOW COLUMNS FROM `lys_record` [ RunTime:0.0020s ]
SQL: SELECT * FROM `lys_record` WHERE `u_id` = 1 LIMIT 1   [ RunTime:0.0010s ]
INFO: [ view_parse ] --START--
INFO: [ template_filter ] --START--
INFO: Run Behavior\ContentReplaceBehavior [ RunTime:0.000000s ]
INFO: [ template_filter ] --END-- [ RunTime:0.000000s ]
INFO: Run Behavior\ParseTemplateBehavior [ RunTime:0.019001s ]
INFO: [ view_parse ] --END-- [ RunTime:0.019001s ]
INFO: [ view_filter ] --START--
INFO: Run Behavior\WriteHtmlCacheBehavior [ RunTime:0.000000s ]
INFO: [ view_filter ] --END-- [ RunTime:0.000000s ]
INFO: [ app_end ] --START--
INFO: Run Behavior\ShowPageTraceBehavior [ RunTime:0.001000s ]
INFO: [ app_end ] --END-- [ RunTime:0.001000s ]

[ 2017-03-31T09:18:36+08:00 ] 127.0.0.1 /Home/Index/index.html
INFO: [ app_init ] --START--
INFO: Run Behavior\BuildLiteBehavior [ RunTime:0.000000s ]
INFO: [ app_init ] --END-- [ RunTime:0.001000s ]
INFO: [ app_begin ] --START--
INFO: Run Behavior\ReadHtmlCacheBehavior [ RunTime:0.000000s ]
INFO: [ app_begin ] --END-- [ RunTime:0.000000s ]
SQL: SHOW COLUMNS FROM `lys_activity` [ RunTime:0.0020s ]
SQL: SELECT * FROM `lys_activity` WHERE `property` = 1 ORDER BY create_time LIMIT 2   [ RunTime:0.0010s ]
SQL: SELECT * FROM `lys_activity` WHERE `property` = 2 LIMIT 1   [ RunTime:0.0020s ]
SQL: SELECT * FROM `lys_activity` WHERE `property` = 3 LIMIT 1   [ RunTime:0.0020s ]
SQL: SELECT * FROM `lys_activity` WHERE `property` = 4 LIMIT 1   [ RunTime:0.0020s ]
INFO: [ view_parse ] --START--
INFO: [ template_filter ] --START--
INFO: Run Behavior\ContentReplaceBehavior [ RunTime:0.000000s ]
INFO: [ template_filter ] --END-- [ RunTime:0.001000s ]
INFO: Run Behavior\ParseTemplateBehavior [ RunTime:0.009000s ]
INFO: [ view_parse ] --END-- [ RunTime:0.009000s ]
INFO: [ view_filter ] --START--
INFO: Run Behavior\WriteHtmlCacheBehavior [ RunTime:0.000000s ]
INFO: [ view_filter ] --END-- [ RunTime:0.000000s ]
INFO: [ app_end ] --START--
INFO: Run Behavior\ShowPageTraceBehavior [ RunTime:0.001000s ]
INFO: [ app_end ] --END-- [ RunTime:0.001000s ]

[ 2017-03-31T09:18:40+08:00 ] 127.0.0.1 /Home/Index/purchase.html?activity_id=12
INFO: [ app_init ] --START--
INFO: Run Behavior\BuildLiteBehavior [ RunTime:0.000000s ]
INFO: [ app_init ] --END-- [ RunTime:0.000000s ]
INFO: [ app_begin ] --START--
INFO: Run Behavior\ReadHtmlCacheBehavior [ RunTime:0.000000s ]
INFO: [ app_begin ] --END-- [ RunTime:0.000000s ]
SQL: SHOW COLUMNS FROM `lys_activity` [ RunTime:0.0040s ]
SQL: SELECT * FROM `lys_activity` WHERE `id` = '12' LIMIT 1   [ RunTime:0.0020s ]
SQL: SHOW COLUMNS FROM `lxtx_users` [ RunTime:0.0020s ]
SQL: SHOW COLUMNS FROM `lxtx_users` [ RunTime:0.0020s ]
SQL: SELECT `phone` FROM `lxtx_users` WHERE `id` = null LIMIT 1   [ RunTime:0.0020s ]
SQL: SHOW COLUMNS FROM `lys_record` [ RunTime:0.0020s ]
SQL: SELECT * FROM `lys_record` WHERE `u_id` = 1 LIMIT 1   [ RunTime:0.0020s ]
INFO: [ view_parse ] --START--
INFO: [ template_filter ] --START--
INFO: Run Behavior\ContentReplaceBehavior [ RunTime:0.000000s ]
INFO: [ template_filter ] --END-- [ RunTime:0.001000s ]
INFO: Run Behavior\ParseTemplateBehavior [ RunTime:0.011001s ]
INFO: [ view_parse ] --END-- [ RunTime:0.011001s ]
INFO: [ view_filter ] --START--
INFO: Run Behavior\WriteHtmlCacheBehavior [ RunTime:0.000000s ]
INFO: [ view_filter ] --END-- [ RunTime:0.000000s ]
INFO: [ app_end ] --START--
INFO: Run Behavior\ShowPageTraceBehavior [ RunTime:0.001000s ]
INFO: [ app_end ] --END-- [ RunTime:0.001000s ]

[ 2017-03-31T09:18:42+08:00 ] 127.0.0.1 /Home/Index/get_now_code.html?activity_id=12
INFO: [ app_init ] --START--
INFO: Run Behavior\BuildLiteBehavior [ RunTime:0.000000s ]
INFO: [ app_init ] --END-- [ RunTime:0.001000s ]
INFO: [ app_begin ] --START--
INFO: Run Behavior\ReadHtmlCacheBehavior [ RunTime:0.001000s ]
INFO: [ app_begin ] --END-- [ RunTime:0.001000s ]
SQL: SHOW COLUMNS FROM `lys_activity` [ RunTime:0.0030s ]
SQL: SELECT * FROM `lys_activity` WHERE `id` = '12' LIMIT 1   [ RunTime:0.0010s ]
SQL: SHOW COLUMNS FROM `lys_draw` [ RunTime:0.0040s ]
SQL: SELECT * FROM `lys_draw` WHERE `activity_id` = '12' AND `u_id` = 1 LIMIT 1   [ RunTime:0.0020s ]
SQL: SHOW COLUMNS FROM `lys_draw` [ RunTime:0.0020s ]
SQL: INSERT INTO `lys_draw` (`u_id`,`activity_id`,`draw_number`,`surplus_num`) VALUES ('1','12','[00000005]','0') [ RunTime:0.0020s ]
SQL: SELECT `u_id` FROM `lys_draw` WHERE `activity_id` = '12'  [ RunTime:0.0020s ]
SQL: UPDATE `lys_activity` SET `id`='12',`u_id`=NULL,`winning_code`=NULL,`now_code`='00000005',`shop_num`='11',`award_num`='13',`market_price`='14',`players_num`='1',`start_time`='2017-03-29 16:20:12',`end_time`='2017-03-30 16:20:15',`create_time`='2017-03-29 16:20:20',`winning_time`='2017-03-30 16:20:24',`property`='4',`is_del`='1' WHERE `id` = '12' [ RunTime:0.0020s ]
SQL: SHOW COLUMNS FROM `lys_record` [ RunTime:0.0030s ]
SQL: SELECT * FROM `lys_record` WHERE `u_id` = 1 LIMIT 1   [ RunTime:0.0020s ]
SQL: UPDATE `lys_record` SET `content`='{\"1\":[\"00000014\",\"00000015\"],\"12\":[\"00000001\",\"00000002\",\"00000003\",\"00000004\",\"00000005\"]}' WHERE `u_id` = 1 [ RunTime:0.0030s ]

[ 2017-03-31T09:18:43+08:00 ] 127.0.0.1 /Home/Index/purchase.html?activity_id=12
INFO: [ app_init ] --START--
INFO: Run Behavior\BuildLiteBehavior [ RunTime:0.000000s ]
INFO: [ app_init ] --END-- [ RunTime:0.001000s ]
INFO: [ app_begin ] --START--
INFO: Run Behavior\ReadHtmlCacheBehavior [ RunTime:0.001000s ]
INFO: [ app_begin ] --END-- [ RunTime:0.001000s ]
SQL: SHOW COLUMNS FROM `lys_activity` [ RunTime:0.0030s ]
SQL: SELECT * FROM `lys_activity` WHERE `id` = '12' LIMIT 1   [ RunTime:0.0040s ]
SQL: SHOW COLUMNS FROM `lxtx_users` [ RunTime:0.0020s ]
SQL: SHOW COLUMNS FROM `lxtx_users` [ RunTime:0.0020s ]
SQL: SELECT `phone` FROM `lxtx_users` WHERE `id` = null LIMIT 1   [ RunTime:0.0020s ]
SQL: SHOW COLUMNS FROM `lys_record` [ RunTime:0.0020s ]
SQL: SELECT * FROM `lys_record` WHERE `u_id` = 1 LIMIT 1   [ RunTime:0.0020s ]
INFO: [ view_parse ] --START--
INFO: [ template_filter ] --START--
INFO: Run Behavior\ContentReplaceBehavior [ RunTime:0.000000s ]
INFO: [ template_filter ] --END-- [ RunTime:0.000000s ]
INFO: Run Behavior\ParseTemplateBehavior [ RunTime:0.028001s ]
INFO: [ view_parse ] --END-- [ RunTime:0.028001s ]
INFO: [ view_filter ] --START--
INFO: Run Behavior\WriteHtmlCacheBehavior [ RunTime:0.001001s ]
INFO: [ view_filter ] --END-- [ RunTime:0.001001s ]
INFO: [ app_end ] --START--
INFO: Run Behavior\ShowPageTraceBehavior [ RunTime:0.002000s ]
INFO: [ app_end ] --END-- [ RunTime:0.004000s ]

[ 2017-03-31T09:18:52+08:00 ] 127.0.0.1 /Home/Index/index.html
INFO: [ app_init ] --START--
INFO: Run Behavior\BuildLiteBehavior [ RunTime:0.000000s ]
INFO: [ app_init ] --END-- [ RunTime:0.000000s ]
INFO: [ app_begin ] --START--
INFO: Run Behavior\ReadHtmlCacheBehavior [ RunTime:0.000000s ]
INFO: [ app_begin ] --END-- [ RunTime:0.001000s ]
SQL: SHOW COLUMNS FROM `lys_activity` [ RunTime:0.0040s ]
SQL: SELECT * FROM `lys_activity` WHERE `property` = 1 ORDER BY create_time LIMIT 2   [ RunTime:0.0040s ]
SQL: SELECT * FROM `lys_activity` WHERE `property` = 2 LIMIT 1   [ RunTime:0.0040s ]
SQL: SELECT * FROM `lys_activity` WHERE `property` = 3 LIMIT 1   [ RunTime:0.0020s ]
SQL: SELECT * FROM `lys_activity` WHERE `property` = 4 LIMIT 1   [ RunTime:0.0040s ]
INFO: [ view_parse ] --START--
INFO: [ template_filter ] --START--
INFO: Run Behavior\ContentReplaceBehavior [ RunTime:0.000000s ]
INFO: [ template_filter ] --END-- [ RunTime:0.000000s ]
INFO: Run Behavior\ParseTemplateBehavior [ RunTime:0.011001s ]
INFO: [ view_parse ] --END-- [ RunTime:0.011001s ]
INFO: [ view_filter ] --START--
INFO: Run Behavior\WriteHtmlCacheBehavior [ RunTime:0.000000s ]
INFO: [ view_filter ] --END-- [ RunTime:0.000000s ]
INFO: [ app_end ] --START--
INFO: Run Behavior\ShowPageTraceBehavior [ RunTime:0.001000s ]
INFO: [ app_end ] --END-- [ RunTime:0.001000s ]

[ 2017-03-31T09:18:55+08:00 ] 127.0.0.1 /Home/Index/purchase.html?activity_id=7
INFO: [ app_init ] --START--
INFO: Run Behavior\BuildLiteBehavior [ RunTime:0.000000s ]
INFO: [ app_init ] --END-- [ RunTime:0.000000s ]
INFO: [ app_begin ] --START--
INFO: Run Behavior\ReadHtmlCacheBehavior [ RunTime:0.001000s ]
INFO: [ app_begin ] --END-- [ RunTime:0.001000s ]
SQL: SHOW COLUMNS FROM `lys_activity` [ RunTime:0.0020s ]
SQL: SELECT * FROM `lys_activity` WHERE `id` = '7' LIMIT 1   [ RunTime:0.0020s ]
SQL: SHOW COLUMNS FROM `lxtx_users` [ RunTime:0.0020s ]
SQL: SHOW COLUMNS FROM `lxtx_users` [ RunTime:0.0010s ]
SQL: SELECT `phone` FROM `lxtx_users` WHERE `id` = 3 LIMIT 1   [ RunTime:0.0020s ]
SQL: SHOW COLUMNS FROM `lys_record` [ RunTime:0.0030s ]
SQL: SELECT * FROM `lys_record` WHERE `u_id` = 1 LIMIT 1   [ RunTime:0.0030s ]
NOTIC: [8] Undefined index: 7 D:\phpStudy\WWW\thinkphp\Application\Home\Controller\IndexController.class.php 第 96 行.
INFO: [ view_parse ] --START--
INFO: [ template_filter ] --START--
INFO: Run Behavior\ContentReplaceBehavior [ RunTime:0.000000s ]
INFO: [ template_filter ] --END-- [ RunTime:0.001000s ]
INFO: Run Behavior\ParseTemplateBehavior [ RunTime:0.011001s ]
INFO: [ view_parse ] --END-- [ RunTime:0.011001s ]
INFO: [ view_filter ] --START--
INFO: Run Behavior\WriteHtmlCacheBehavior [ RunTime:0.000000s ]
INFO: [ view_filter ] --END-- [ RunTime:0.000000s ]
INFO: [ app_end ] --START--
INFO: Run Behavior\ShowPageTraceBehavior [ RunTime:0.001000s ]
INFO: [ app_end ] --END-- [ RunTime:0.001000s ]

[ 2017-03-31T09:18:57+08:00 ] 127.0.0.1 /Home/Index/index.html
INFO: [ app_init ] --START--
INFO: Run Behavior\BuildLiteBehavior [ RunTime:0.000000s ]
INFO: [ app_init ] --END-- [ RunTime:0.000000s ]
INFO: [ app_begin ] --START--
INFO: Run Behavior\ReadHtmlCacheBehavior [ RunTime:0.001000s ]
INFO: [ app_begin ] --END-- [ RunTime:0.001000s ]
SQL: SHOW COLUMNS FROM `lys_activity` [ RunTime:0.0020s ]
SQL: SELECT * FROM `lys_activity` WHERE `property` = 1 ORDER BY create_time LIMIT 2   [ RunTime:0.0020s ]
SQL: SELECT * FROM `lys_activity` WHERE `property` = 2 LIMIT 1   [ RunTime:0.0010s ]
SQL: SELECT * FROM `lys_activity` WHERE `property` = 3 LIMIT 1   [ RunTime:0.0020s ]
SQL: SELECT * FROM `lys_activity` WHERE `property` = 4 LIMIT 1   [ RunTime:0.0020s ]
INFO: [ view_parse ] --START--
INFO: [ template_filter ] --START--
INFO: Run Behavior\ContentReplaceBehavior [ RunTime:0.000000s ]
INFO: [ template_filter ] --END-- [ RunTime:0.000000s ]
INFO: Run Behavior\ParseTemplateBehavior [ RunTime:0.009001s ]
INFO: [ view_parse ] --END-- [ RunTime:0.010001s ]
INFO: [ view_filter ] --START--
INFO: Run Behavior\WriteHtmlCacheBehavior [ RunTime:0.000000s ]
INFO: [ view_filter ] --END-- [ RunTime:0.000000s ]
INFO: [ app_end ] --START--
INFO: Run Behavior\ShowPageTraceBehavior [ RunTime:0.002000s ]
INFO: [ app_end ] --END-- [ RunTime:0.002000s ]

[ 2017-03-31T09:19:00+08:00 ] 127.0.0.1 /Home/Index/purchase.html?activity_id=8
INFO: [ app_init ] --START--
INFO: Run Behavior\BuildLiteBehavior [ RunTime:0.000000s ]
INFO: [ app_init ] --END-- [ RunTime:0.001000s ]
INFO: [ app_begin ] --START--
INFO: Run Behavior\ReadHtmlCacheBehavior [ RunTime:0.001000s ]
INFO: [ app_begin ] --END-- [ RunTime:0.001000s ]
SQL: SHOW COLUMNS FROM `lys_activity` [ RunTime:0.0030s ]
SQL: SELECT * FROM `lys_activity` WHERE `id` = '8' LIMIT 1   [ RunTime:0.0020s ]
SQL: SHOW COLUMNS FROM `lxtx_users` [ RunTime:0.0040s ]
SQL: SHOW COLUMNS FROM `lxtx_users` [ RunTime:0.0020s ]
SQL: SELECT `phone` FROM `lxtx_users` WHERE `id` = null LIMIT 1   [ RunTime:0.0010s ]
SQL: SHOW COLUMNS FROM `lys_record` [ RunTime:0.0020s ]
SQL: SELECT * FROM `lys_record` WHERE `u_id` = 1 LIMIT 1   [ RunTime:0.0020s ]
NOTIC: [8] Undefined index: 8 D:\phpStudy\WWW\thinkphp\Application\Home\Controller\IndexController.class.php 第 96 行.
INFO: [ view_parse ] --START--
INFO: [ template_filter ] --START--
INFO: Run Behavior\ContentReplaceBehavior [ RunTime:0.001000s ]
INFO: [ template_filter ] --END-- [ RunTime:0.001000s ]
INFO: Run Behavior\ParseTemplateBehavior [ RunTime:0.010001s ]
INFO: [ view_parse ] --END-- [ RunTime:0.010001s ]
INFO: [ view_filter ] --START--
INFO: Run Behavior\WriteHtmlCacheBehavior [ RunTime:0.001000s ]
INFO: [ view_filter ] --END-- [ RunTime:0.001000s ]
INFO: [ app_end ] --START--
INFO: Run Behavior\ShowPageTraceBehavior [ RunTime:0.000000s ]
INFO: [ app_end ] --END-- [ RunTime:0.000000s ]

[ 2017-03-31T09:19:02+08:00 ] 127.0.0.1 /Home/Index/index.html
INFO: [ app_init ] --START--
INFO: Run Behavior\BuildLiteBehavior [ RunTime:0.000000s ]
INFO: [ app_init ] --END-- [ RunTime:0.001000s ]
INFO: [ app_begin ] --START--
INFO: Run Behavior\ReadHtmlCacheBehavior [ RunTime:0.001000s ]
INFO: [ app_begin ] --END-- [ RunTime:0.001000s ]
SQL: SHOW COLUMNS FROM `lys_activity` [ RunTime:0.0030s ]
SQL: SELECT * FROM `lys_activity` WHERE `property` = 1 ORDER BY create_time LIMIT 2   [ RunTime:0.0020s ]
SQL: SELECT * FROM `lys_activity` WHERE `property` = 2 LIMIT 1   [ RunTime:0.0020s ]
SQL: SELECT * FROM `lys_activity` WHERE `property` = 3 LIMIT 1   [ RunTime:0.0020s ]
SQL: SELECT * FROM `lys_activity` WHERE `property` = 4 LIMIT 1   [ RunTime:0.0010s ]
INFO: [ view_parse ] --START--
INFO: [ template_filter ] --START--
INFO: Run Behavior\ContentReplaceBehavior [ RunTime:0.000000s ]
INFO: [ template_filter ] --END-- [ RunTime:0.000000s ]
INFO: Run Behavior\ParseTemplateBehavior [ RunTime:0.010000s ]
INFO: [ view_parse ] --END-- [ RunTime:0.010000s ]
INFO: [ view_filter ] --START--
INFO: Run Behavior\WriteHtmlCacheBehavior [ RunTime:0.000000s ]
INFO: [ view_filter ] --END-- [ RunTime:0.000000s ]
INFO: [ app_end ] --START--
INFO: Run Behavior\ShowPageTraceBehavior [ RunTime:0.001001s ]
INFO: [ app_end ] --END-- [ RunTime:0.001001s ]

[ 2017-03-31T09:19:04+08:00 ] 127.0.0.1 /Home/Index/purchase.html?activity_id=1
INFO: [ app_init ] --START--
INFO: Run Behavior\BuildLiteBehavior [ RunTime:0.000000s ]
INFO: [ app_init ] --END-- [ RunTime:0.001000s ]
INFO: [ app_begin ] --START--
INFO: Run Behavior\ReadHtmlCacheBehavior [ RunTime:0.000000s ]
INFO: [ app_begin ] --END-- [ RunTime:0.000000s ]
SQL: SHOW COLUMNS FROM `lys_activity` [ RunTime:0.0020s ]
SQL: SELECT * FROM `lys_activity` WHERE `id` = '1' LIMIT 1   [ RunTime:0.0030s ]
SQL: SHOW COLUMNS FROM `lxtx_users` [ RunTime:0.0020s ]
SQL: SHOW COLUMNS FROM `lxtx_users` [ RunTime:0.0020s ]
SQL: SELECT `phone` FROM `lxtx_users` WHERE `id` = 1 LIMIT 1   [ RunTime:0.0020s ]
SQL: SHOW COLUMNS FROM `lys_record` [ RunTime:0.0020s ]
SQL: SELECT * FROM `lys_record` WHERE `u_id` = 1 LIMIT 1   [ RunTime:0.0040s ]
INFO: [ view_parse ] --START--
INFO: [ template_filter ] --START--
INFO: Run Behavior\ContentReplaceBehavior [ RunTime:0.000000s ]
INFO: [ template_filter ] --END-- [ RunTime:0.000000s ]
INFO: Run Behavior\ParseTemplateBehavior [ RunTime:0.013000s ]
INFO: [ view_parse ] --END-- [ RunTime:0.014000s ]
INFO: [ view_filter ] --START--
INFO: Run Behavior\WriteHtmlCacheBehavior [ RunTime:0.000000s ]
INFO: [ view_filter ] --END-- [ RunTime:0.000000s ]
INFO: [ app_end ] --START--
INFO: Run Behavior\ShowPageTraceBehavior [ RunTime:0.002001s ]
INFO: [ app_end ] --END-- [ RunTime:0.002001s ]

[ 2017-03-31T09:19:09+08:00 ] 127.0.0.1 /Home/Index/index.html
INFO: [ app_init ] --START--
INFO: Run Behavior\BuildLiteBehavior [ RunTime:0.000000s ]
INFO: [ app_init ] --END-- [ RunTime:0.001000s ]
INFO: [ app_begin ] --START--
INFO: Run Behavior\ReadHtmlCacheBehavior [ RunTime:0.001000s ]
INFO: [ app_begin ] --END-- [ RunTime:0.001000s ]
SQL: SHOW COLUMNS FROM `lys_activity` [ RunTime:0.0050s ]
SQL: SELECT * FROM `lys_activity` WHERE `property` = 1 ORDER BY create_time LIMIT 2   [ RunTime:0.0040s ]
SQL: SELECT * FROM `lys_activity` WHERE `property` = 2 LIMIT 1   [ RunTime:0.0020s ]
SQL: SELECT * FROM `lys_activity` WHERE `property` = 3 LIMIT 1   [ RunTime:0.0010s ]
SQL: SELECT * FROM `lys_activity` WHERE `property` = 4 LIMIT 1   [ RunTime:0.0020s ]
INFO: [ view_parse ] --START--
INFO: [ template_filter ] --START--
INFO: Run Behavior\ContentReplaceBehavior [ RunTime:0.001000s ]
INFO: [ template_filter ] --END-- [ RunTime:0.001000s ]
INFO: Run Behavior\ParseTemplateBehavior [ RunTime:0.010001s ]
INFO: [ view_parse ] --END-- [ RunTime:0.010001s ]
INFO: [ view_filter ] --START--
INFO: Run Behavior\WriteHtmlCacheBehavior [ RunTime:0.000000s ]
INFO: [ view_filter ] --END-- [ RunTime:0.001000s ]
INFO: [ app_end ] --START--
INFO: Run Behavior\ShowPageTraceBehavior [ RunTime:0.002000s ]
INFO: [ app_end ] --END-- [ RunTime:0.002000s ]

[ 2017-03-31T09:19:29+08:00 ] 127.0.0.1 /Home/Index/purchase.html?activity_id=12
INFO: [ app_init ] --START--
INFO: Run Behavior\BuildLiteBehavior [ RunTime:0.000000s ]
INFO: [ app_init ] --END-- [ RunTime:0.000000s ]
INFO: [ app_begin ] --START--
INFO: Run Behavior\ReadHtmlCacheBehavior [ RunTime:0.000000s ]
INFO: [ app_begin ] --END-- [ RunTime:0.001000s ]
SQL: SHOW COLUMNS FROM `lys_activity` [ RunTime:0.0020s ]
SQL: SELECT * FROM `lys_activity` WHERE `id` = '12' LIMIT 1   [ RunTime:0.0030s ]
SQL: SHOW COLUMNS FROM `lxtx_users` [ RunTime:0.0020s ]
SQL: SHOW COLUMNS FROM `lxtx_users` [ RunTime:0.0030s ]
SQL: SELECT `phone` FROM `lxtx_users` WHERE `id` = null LIMIT 1   [ RunTime:0.0010s ]
SQL: SHOW COLUMNS FROM `lys_record` [ RunTime:0.0010s ]
SQL: SELECT * FROM `lys_record` WHERE `u_id` = 1 LIMIT 1   [ RunTime:0.0030s ]
INFO: [ view_parse ] --START--
INFO: [ template_filter ] --START--
INFO: Run Behavior\ContentReplaceBehavior [ RunTime:0.000000s ]
INFO: [ template_filter ] --END-- [ RunTime:0.001000s ]
INFO: Run Behavior\ParseTemplateBehavior [ RunTime:0.009000s ]
INFO: [ view_parse ] --END-- [ RunTime:0.010000s ]
INFO: [ view_filter ] --START--
INFO: Run Behavior\WriteHtmlCacheBehavior [ RunTime:0.000000s ]
INFO: [ view_filter ] --END-- [ RunTime:0.000000s ]
INFO: [ app_end ] --START--
INFO: Run Behavior\ShowPageTraceBehavior [ RunTime:0.001000s ]
INFO: [ app_end ] --END-- [ RunTime:0.001000s ]

[ 2017-03-31T09:19:57+08:00 ] 127.0.0.1 /Home/Index/transpond.html?activity_id=12
INFO: [ app_init ] --START--
INFO: Run Behavior\BuildLiteBehavior [ RunTime:0.000000s ]
INFO: [ app_init ] --END-- [ RunTime:0.000000s ]
INFO: [ app_begin ] --START--
INFO: Run Behavior\ReadHtmlCacheBehavior [ RunTime:0.000000s ]
INFO: [ app_begin ] --END-- [ RunTime:0.000000s ]
SQL: SHOW COLUMNS FROM `lys_draw` [ RunTime:0.0030s ]
SQL: SELECT `id`,`surplus_num` FROM `lys_draw` WHERE `u_id` = 1 AND `activity_id` = '12' LIMIT 1   [ RunTime:0.0020s ]
SQL: UPDATE `lys_draw` SET `surplus_num`='1' WHERE `id` = '28' [ RunTime:0.0010s ]

[ 2017-03-31T09:19:58+08:00 ] 127.0.0.1 /Home/Index/purchase.html?activity_id=12
INFO: [ app_init ] --START--
INFO: Run Behavior\BuildLiteBehavior [ RunTime:0.000000s ]
INFO: [ app_init ] --END-- [ RunTime:0.001000s ]
INFO: [ app_begin ] --START--
INFO: Run Behavior\ReadHtmlCacheBehavior [ RunTime:0.001000s ]
INFO: [ app_begin ] --END-- [ RunTime:0.001000s ]
SQL: SHOW COLUMNS FROM `lys_activity` [ RunTime:0.0100s ]
SQL: SELECT * FROM `lys_activity` WHERE `id` = '12' LIMIT 1   [ RunTime:0.0020s ]
SQL: SHOW COLUMNS FROM `lxtx_users` [ RunTime:0.0030s ]
SQL: SHOW COLUMNS FROM `lxtx_users` [ RunTime:0.0040s ]
SQL: SELECT `phone` FROM `lxtx_users` WHERE `id` = null LIMIT 1   [ RunTime:0.0010s ]
SQL: SHOW COLUMNS FROM `lys_record` [ RunTime:0.0030s ]
SQL: SELECT * FROM `lys_record` WHERE `u_id` = 1 LIMIT 1   [ RunTime:0.0020s ]
INFO: [ view_parse ] --START--
INFO: [ template_filter ] --START--
INFO: Run Behavior\ContentReplaceBehavior [ RunTime:0.000000s ]
INFO: [ template_filter ] --END-- [ RunTime:0.000000s ]
INFO: Run Behavior\ParseTemplateBehavior [ RunTime:0.013001s ]
INFO: [ view_parse ] --END-- [ RunTime:0.013001s ]
INFO: [ view_filter ] --START--
INFO: Run Behavior\WriteHtmlCacheBehavior [ RunTime:0.001000s ]
INFO: [ view_filter ] --END-- [ RunTime:0.001000s ]
INFO: [ app_end ] --START--
INFO: Run Behavior\ShowPageTraceBehavior [ RunTime:0.001000s ]
INFO: [ app_end ] --END-- [ RunTime:0.001000s ]

[ 2017-03-31T09:20:03+08:00 ] 127.0.0.1 /Home/Index/index.html
INFO: [ app_init ] --START--
INFO: Run Behavior\BuildLiteBehavior [ RunTime:0.000000s ]
INFO: [ app_init ] --END-- [ RunTime:0.000000s ]
INFO: [ app_begin ] --START--
INFO: Run Behavior\ReadHtmlCacheBehavior [ RunTime:0.000000s ]
INFO: [ app_begin ] --END-- [ RunTime:0.000000s ]
SQL: SHOW COLUMNS FROM `lys_activity` [ RunTime:0.0020s ]
SQL: SELECT * FROM `lys_activity` WHERE `property` = 1 ORDER BY create_time LIMIT 2   [ RunTime:0.0020s ]
SQL: SELECT * FROM `lys_activity` WHERE `property` = 2 LIMIT 1   [ RunTime:0.0020s ]
SQL: SELECT * FROM `lys_activity` WHERE `property` = 3 LIMIT 1   [ RunTime:0.0020s ]
SQL: SELECT * FROM `lys_activity` WHERE `property` = 4 LIMIT 1   [ RunTime:0.0010s ]
INFO: [ view_parse ] --START--
INFO: [ template_filter ] --START--
INFO: Run Behavior\ContentReplaceBehavior [ RunTime:0.000000s ]
INFO: [ template_filter ] --END-- [ RunTime:0.001000s ]
INFO: Run Behavior\ParseTemplateBehavior [ RunTime:0.009000s ]
INFO: [ view_parse ] --END-- [ RunTime:0.009000s ]
INFO: [ view_filter ] --START--
INFO: Run Behavior\WriteHtmlCacheBehavior [ RunTime:0.001000s ]
INFO: [ view_filter ] --END-- [ RunTime:0.001000s ]
INFO: [ app_end ] --START--
INFO: Run Behavior\ShowPageTraceBehavior [ RunTime:0.001000s ]
INFO: [ app_end ] --END-- [ RunTime:0.001000s ]

[ 2017-03-31T10:52:45+08:00 ] 127.0.0.1 /Home/Index/index.html
INFO: [ app_init ] --START--
INFO: Run Behavior\BuildLiteBehavior [ RunTime:0.000000s ]
INFO: [ app_init ] --END-- [ RunTime:0.000000s ]
INFO: [ app_begin ] --START--
INFO: Run Behavior\ReadHtmlCacheBehavior [ RunTime:0.000000s ]
INFO: [ app_begin ] --END-- [ RunTime:0.000000s ]
SQL: SHOW COLUMNS FROM `lys_activity` [ RunTime:0.0020s ]
SQL: SELECT * FROM `lys_activity` WHERE `property` = 1 ORDER BY create_time LIMIT 2   [ RunTime:0.0020s ]
SQL: SELECT * FROM `lys_activity` WHERE `property` = 2 LIMIT 1   [ RunTime:0.0020s ]
SQL: SELECT * FROM `lys_activity` WHERE `property` = 3 LIMIT 1   [ RunTime:0.0020s ]
SQL: SELECT * FROM `lys_activity` WHERE `property` = 4 LIMIT 1   [ RunTime:0.0020s ]
INFO: [ view_parse ] --START--
INFO: [ template_filter ] --START--
INFO: Run Behavior\ContentReplaceBehavior [ RunTime:0.000000s ]
INFO: [ template_filter ] --END-- [ RunTime:0.000000s ]
INFO: Run Behavior\ParseTemplateBehavior [ RunTime:0.011001s ]
INFO: [ view_parse ] --END-- [ RunTime:0.011001s ]
INFO: [ view_filter ] --START--
INFO: Run Behavior\WriteHtmlCacheBehavior [ RunTime:0.001000s ]
INFO: [ view_filter ] --END-- [ RunTime:0.001000s ]
INFO: [ app_end ] --START--
INFO: Run Behavior\ShowPageTraceBehavior [ RunTime:0.000000s ]
INFO: [ app_end ] --END-- [ RunTime:0.001000s ]

[ 2017-03-31T10:52:53+08:00 ] 127.0.0.1 /Home/Index/purchase.html?activity_id=12
INFO: [ app_init ] --START--
INFO: Run Behavior\BuildLiteBehavior [ RunTime:0.000000s ]
INFO: [ app_init ] --END-- [ RunTime:0.003000s ]
INFO: [ app_begin ] --START--
INFO: Run Behavior\ReadHtmlCacheBehavior [ RunTime:0.000000s ]
INFO: [ app_begin ] --END-- [ RunTime:0.000000s ]
SQL: SHOW COLUMNS FROM `lys_activity` [ RunTime:0.0020s ]
SQL: SELECT * FROM `lys_activity` WHERE `id` = '12' LIMIT 1   [ RunTime:0.0010s ]
SQL: SHOW COLUMNS FROM `lxtx_users` [ RunTime:0.0030s ]
SQL: SHOW COLUMNS FROM `lxtx_users` [ RunTime:0.0020s ]
SQL: SELECT `phone` FROM `lxtx_users` WHERE `id` = null LIMIT 1   [ RunTime:0.0010s ]
SQL: SHOW COLUMNS FROM `lys_record` [ RunTime:0.0020s ]
SQL: SELECT * FROM `lys_record` WHERE `u_id` = 1 LIMIT 1   [ RunTime:0.0020s ]
INFO: [ view_parse ] --START--
INFO: [ template_filter ] --START--
INFO: Run Behavior\ContentReplaceBehavior [ RunTime:0.000000s ]
INFO: [ template_filter ] --END-- [ RunTime:0.000000s ]
INFO: Run Behavior\ParseTemplateBehavior [ RunTime:0.013000s ]
INFO: [ view_parse ] --END-- [ RunTime:0.013000s ]
INFO: [ view_filter ] --START--
INFO: Run Behavior\WriteHtmlCacheBehavior [ RunTime:0.001000s ]
INFO: [ view_filter ] --END-- [ RunTime:0.001000s ]
INFO: [ app_end ] --START--
INFO: Run Behavior\ShowPageTraceBehavior [ RunTime:0.001000s ]
INFO: [ app_end ] --END-- [ RunTime:0.001000s ]

[ 2017-03-31T10:59:05+08:00 ] 127.0.0.1 /Home/Index/index.html
INFO: [ app_init ] --START--
INFO: Run Behavior\BuildLiteBehavior [ RunTime:0.000000s ]
INFO: [ app_init ] --END-- [ RunTime:0.002001s ]
INFO: [ app_begin ] --START--
INFO: Run Behavior\ReadHtmlCacheBehavior [ RunTime:0.001000s ]
INFO: [ app_begin ] --END-- [ RunTime:0.001000s ]
SQL: SHOW COLUMNS FROM `lys_activity` [ RunTime:0.0070s ]
SQL: SELECT * FROM `lys_activity` WHERE `property` = 1 ORDER BY create_time LIMIT 2   [ RunTime:0.0030s ]
SQL: SELECT * FROM `lys_activity` WHERE `property` = 2 LIMIT 1   [ RunTime:0.0030s ]
SQL: SELECT * FROM `lys_activity` WHERE `property` = 3 LIMIT 1   [ RunTime:0.0020s ]
SQL: SELECT * FROM `lys_activity` WHERE `property` = 4 LIMIT 1   [ RunTime:0.0020s ]
INFO: [ view_parse ] --START--
INFO: [ template_filter ] --START--
INFO: Run Behavior\ContentReplaceBehavior [ RunTime:0.000000s ]
INFO: [ template_filter ] --END-- [ RunTime:0.001000s ]
INFO: Run Behavior\ParseTemplateBehavior [ RunTime:0.010000s ]
INFO: [ view_parse ] --END-- [ RunTime:0.011000s ]
INFO: [ view_filter ] --START--
INFO: Run Behavior\WriteHtmlCacheBehavior [ RunTime:0.001000s ]
INFO: [ view_filter ] --END-- [ RunTime:0.001000s ]
INFO: [ app_end ] --START--
INFO: Run Behavior\ShowPageTraceBehavior [ RunTime:0.001000s ]
INFO: [ app_end ] --END-- [ RunTime:0.001000s ]

[ 2017-03-31T10:59:06+08:00 ] 127.0.0.1 /Home/Index/index.html
INFO: [ app_init ] --START--
INFO: Run Behavior\BuildLiteBehavior [ RunTime:0.000000s ]
INFO: [ app_init ] --END-- [ RunTime:0.001000s ]
INFO: [ app_begin ] --START--
INFO: Run Behavior\ReadHtmlCacheBehavior [ RunTime:0.003001s ]
INFO: [ app_begin ] --END-- [ RunTime:0.003001s ]
SQL: SHOW COLUMNS FROM `lys_activity` [ RunTime:0.0030s ]
SQL: SELECT * FROM `lys_activity` WHERE `property` = 1 ORDER BY create_time LIMIT 2   [ RunTime:0.0030s ]
SQL: SELECT * FROM `lys_activity` WHERE `property` = 2 LIMIT 1   [ RunTime:0.0020s ]
SQL: SELECT * FROM `lys_activity` WHERE `property` = 3 LIMIT 1   [ RunTime:0.0030s ]
SQL: SELECT * FROM `lys_activity` WHERE `property` = 4 LIMIT 1   [ RunTime:0.0020s ]
INFO: [ view_parse ] --START--
INFO: [ template_filter ] --START--
INFO: Run Behavior\ContentReplaceBehavior [ RunTime:0.000000s ]
INFO: [ template_filter ] --END-- [ RunTime:0.000000s ]
INFO: Run Behavior\ParseTemplateBehavior [ RunTime:0.012001s ]
INFO: [ view_parse ] --END-- [ RunTime:0.012001s ]
INFO: [ view_filter ] --START--
INFO: Run Behavior\WriteHtmlCacheBehavior [ RunTime:0.002000s ]
INFO: [ view_filter ] --END-- [ RunTime:0.002000s ]
INFO: [ app_end ] --START--
INFO: Run Behavior\ShowPageTraceBehavior [ RunTime:0.003000s ]
INFO: [ app_end ] --END-- [ RunTime:0.004000s ]

[ 2017-03-31T10:59:07+08:00 ] 127.0.0.1 /Home/Index/purchase.html?activity_id=12
INFO: [ app_init ] --START--
INFO: Run Behavior\BuildLiteBehavior [ RunTime:0.000000s ]
INFO: [ app_init ] --END-- [ RunTime:0.000000s ]
INFO: [ app_begin ] --START--
INFO: Run Behavior\ReadHtmlCacheBehavior [ RunTime:0.001000s ]
INFO: [ app_begin ] --END-- [ RunTime:0.001000s ]

[ 2017-03-31T10:59:20+08:00 ] 127.0.0.1 /Home/Index/index.html
INFO: [ app_init ] --START--
INFO: Run Behavior\BuildLiteBehavior [ RunTime:0.000000s ]
INFO: [ app_init ] --END-- [ RunTime:0.002000s ]
INFO: [ app_begin ] --START--
INFO: Run Behavior\ReadHtmlCacheBehavior [ RunTime:0.002000s ]
INFO: [ app_begin ] --END-- [ RunTime:0.002000s ]
SQL: SHOW COLUMNS FROM `lys_activity` [ RunTime:0.0020s ]
SQL: SELECT * FROM `lys_activity` WHERE `property` = 1 ORDER BY create_time LIMIT 2   [ RunTime:0.0020s ]
SQL: SELECT * FROM `lys_activity` WHERE `property` = 2 LIMIT 1   [ RunTime:0.0030s ]
SQL: SELECT * FROM `lys_activity` WHERE `property` = 3 LIMIT 1   [ RunTime:0.0020s ]
SQL: SELECT * FROM `lys_activity` WHERE `property` = 4 LIMIT 1   [ RunTime:0.0040s ]
INFO: [ view_parse ] --START--
INFO: [ template_filter ] --START--
INFO: Run Behavior\ContentReplaceBehavior [ RunTime:0.000000s ]
INFO: [ template_filter ] --END-- [ RunTime:0.000000s ]
INFO: Run Behavior\ParseTemplateBehavior [ RunTime:0.013001s ]
INFO: [ view_parse ] --END-- [ RunTime:0.013001s ]
INFO: [ view_filter ] --START--
INFO: Run Behavior\WriteHtmlCacheBehavior [ RunTime:0.001000s ]
INFO: [ view_filter ] --END-- [ RunTime:0.001000s ]
INFO: [ app_end ] --START--
INFO: Run Behavior\ShowPageTraceBehavior [ RunTime:0.001000s ]
INFO: [ app_end ] --END-- [ RunTime:0.001000s ]

[ 2017-03-31T10:59:21+08:00 ] 127.0.0.1 /Home/Index/purchase.html?activity_id=12
INFO: [ app_init ] --START--
INFO: Run Behavior\BuildLiteBehavior [ RunTime:0.000000s ]
INFO: [ app_init ] --END-- [ RunTime:0.000000s ]
INFO: [ app_begin ] --START--
INFO: Run Behavior\ReadHtmlCacheBehavior [ RunTime:0.004000s ]
INFO: [ app_begin ] --END-- [ RunTime:0.005000s ]
SQL: SHOW COLUMNS FROM `lys_activity` [ RunTime:0.0030s ]
SQL: SELECT * FROM `lys_activity` WHERE `id` = '12' LIMIT 1   [ RunTime:0.0020s ]
SQL: SHOW COLUMNS FROM `lxtx_users` [ RunTime:0.0050s ]
SQL: SHOW COLUMNS FROM `lxtx_users` [ RunTime:0.0030s ]
SQL: SELECT `phone` FROM `lxtx_users` WHERE `id` = null LIMIT 1   [ RunTime:0.0030s ]
SQL: SHOW COLUMNS FROM `lys_record` [ RunTime:0.0030s ]
SQL: SELECT * FROM `lys_record` WHERE `u_id` = 1 LIMIT 1   [ RunTime:0.0020s ]
INFO: [ view_parse ] --START--
INFO: [ template_filter ] --START--
INFO: Run Behavior\ContentReplaceBehavior [ RunTime:0.000000s ]
INFO: [ template_filter ] --END-- [ RunTime:0.000000s ]
INFO: Run Behavior\ParseTemplateBehavior [ RunTime:0.020001s ]
INFO: [ view_parse ] --END-- [ RunTime:0.020001s ]
INFO: [ view_filter ] --START--
INFO: Run Behavior\WriteHtmlCacheBehavior [ RunTime:0.000000s ]
INFO: [ view_filter ] --END-- [ RunTime:0.000000s ]
INFO: [ app_end ] --START--
INFO: Run Behavior\ShowPageTraceBehavior [ RunTime:0.004000s ]
INFO: [ app_end ] --END-- [ RunTime:0.004000s ]

[ 2017-03-31T11:08:52+08:00 ] 127.0.0.1 /Home/Index/purchase.html?activity_id=12
INFO: [ app_init ] --START--
INFO: Run Behavior\BuildLiteBehavior [ RunTime:0.000000s ]
INFO: [ app_init ] --END-- [ RunTime:0.000000s ]
INFO: [ app_begin ] --START--
INFO: Run Behavior\ReadHtmlCacheBehavior [ RunTime:0.001000s ]
INFO: [ app_begin ] --END-- [ RunTime:0.001000s ]
SQL: SHOW COLUMNS FROM `lys_activity` [ RunTime:0.0020s ]
SQL: SELECT * FROM `lys_activity` WHERE `id` = '12' LIMIT 1   [ RunTime:0.0020s ]
SQL: SHOW COLUMNS FROM `lxtx_users` [ RunTime:0.0030s ]
SQL: SHOW COLUMNS FROM `lxtx_users` [ RunTime:0.0020s ]
SQL: SELECT `phone` FROM `lxtx_users` WHERE `id` = null LIMIT 1   [ RunTime:0.0020s ]
SQL: SHOW COLUMNS FROM `lys_record` [ RunTime:0.0020s ]
SQL: SELECT * FROM `lys_record` WHERE `u_id` = 1 LIMIT 1   [ RunTime:0.0020s ]
INFO: [ view_parse ] --START--
INFO: [ template_filter ] --START--
INFO: Run Behavior\ContentReplaceBehavior [ RunTime:0.000000s ]
INFO: [ template_filter ] --END-- [ RunTime:0.000000s ]
INFO: Run Behavior\ParseTemplateBehavior [ RunTime:0.011001s ]
INFO: [ view_parse ] --END-- [ RunTime:0.011001s ]
INFO: [ view_filter ] --START--
INFO: Run Behavior\WriteHtmlCacheBehavior [ RunTime:0.000000s ]
INFO: [ view_filter ] --END-- [ RunTime:0.000000s ]
INFO: [ app_end ] --START--
INFO: Run Behavior\ShowPageTraceBehavior [ RunTime:0.000000s ]
INFO: [ app_end ] --END-- [ RunTime:0.000000s ]

[ 2017-03-31T13:41:30+08:00 ] 127.0.0.1 /Home/Index/purchase.html?activity_id=12
INFO: [ app_init ] --START--
INFO: Run Behavior\BuildLiteBehavior [ RunTime:0.000000s ]
INFO: [ app_init ] --END-- [ RunTime:0.001000s ]
INFO: [ app_begin ] --START--
INFO: Run Behavior\ReadHtmlCacheBehavior [ RunTime:0.001000s ]
INFO: [ app_begin ] --END-- [ RunTime:0.002000s ]

[ 2017-03-31T16:45:15+08:00 ] 127.0.0.1 /Home/Index/
INFO: [ app_init ] --START--
INFO: Run Behavior\BuildLiteBehavior [ RunTime:0.000000s ]
INFO: [ app_init ] --END-- [ RunTime:0.001000s ]
INFO: [ app_begin ] --START--
INFO: Run Behavior\ReadHtmlCacheBehavior [ RunTime:0.001000s ]
INFO: [ app_begin ] --END-- [ RunTime:0.001000s ]
SQL: SHOW COLUMNS FROM `lys_activity` [ RunTime:0.0020s ]
SQL: SELECT * FROM `lys_activity` WHERE `property` = 1 ORDER BY create_time LIMIT 2   [ RunTime:0.0050s ]
SQL: SELECT * FROM `lys_activity` WHERE `property` = 2 LIMIT 1   [ RunTime:0.0030s ]
SQL: SELECT * FROM `lys_activity` WHERE `property` = 3 LIMIT 1   [ RunTime:0.0030s ]
SQL: SELECT * FROM `lys_activity` WHERE `property` = 4 LIMIT 1   [ RunTime:0.0020s ]
INFO: [ view_parse ] --START--
INFO: [ template_filter ] --START--
INFO: Run Behavior\ContentReplaceBehavior [ RunTime:0.000000s ]
INFO: [ template_filter ] --END-- [ RunTime:0.000000s ]
INFO: Run Behavior\ParseTemplateBehavior [ RunTime:0.020001s ]
INFO: [ view_parse ] --END-- [ RunTime:0.020001s ]
INFO: [ view_filter ] --START--
INFO: Run Behavior\WriteHtmlCacheBehavior [ RunTime:0.000000s ]
INFO: [ view_filter ] --END-- [ RunTime:0.001000s ]
INFO: [ app_end ] --START--
INFO: Run Behavior\ShowPageTraceBehavior [ RunTime:0.001000s ]
INFO: [ app_end ] --END-- [ RunTime:0.001000s ]

[ 2017-03-31T16:45:20+08:00 ] 127.0.0.1 /Home/Index/purchase.html?activity_id=1
INFO: [ app_init ] --START--
INFO: Run Behavior\BuildLiteBehavior [ RunTime:0.000000s ]
INFO: [ app_init ] --END-- [ RunTime:0.001000s ]
INFO: [ app_begin ] --START--
INFO: Run Behavior\ReadHtmlCacheBehavior [ RunTime:0.001000s ]
INFO: [ app_begin ] --END-- [ RunTime:0.001000s ]

[ 2017-03-31T16:45:23+08:00 ] 127.0.0.1 /Home/Index/
INFO: [ app_init ] --START--
INFO: Run Behavior\BuildLiteBehavior [ RunTime:0.000000s ]
INFO: [ app_init ] --END-- [ RunTime:0.000000s ]
INFO: [ app_begin ] --START--
INFO: Run Behavior\ReadHtmlCacheBehavior [ RunTime:0.001001s ]
INFO: [ app_begin ] --END-- [ RunTime:0.001001s ]
SQL: SHOW COLUMNS FROM `lys_activity` [ RunTime:0.0060s ]
SQL: SELECT * FROM `lys_activity` WHERE `property` = 1 ORDER BY create_time LIMIT 2   [ RunTime:0.0040s ]
SQL: SELECT * FROM `lys_activity` WHERE `property` = 2 LIMIT 1   [ RunTime:0.0070s ]
SQL: SELECT * FROM `lys_activity` WHERE `property` = 3 LIMIT 1   [ RunTime:0.0090s ]
SQL: SELECT * FROM `lys_activity` WHERE `property` = 4 LIMIT 1   [ RunTime:0.0050s ]
INFO: [ view_parse ] --START--
INFO: [ template_filter ] --START--
INFO: Run Behavior\ContentReplaceBehavior [ RunTime:0.000000s ]
INFO: [ template_filter ] --END-- [ RunTime:0.000000s ]
INFO: Run Behavior\ParseTemplateBehavior [ RunTime:0.017001s ]
INFO: [ view_parse ] --END-- [ RunTime:0.017001s ]
INFO: [ view_filter ] --START--
INFO: Run Behavior\WriteHtmlCacheBehavior [ RunTime:0.001000s ]
INFO: [ view_filter ] --END-- [ RunTime:0.001000s ]
INFO: [ app_end ] --START--
INFO: Run Behavior\ShowPageTraceBehavior [ RunTime:0.001000s ]
INFO: [ app_end ] --END-- [ RunTime:0.001000s ]

[ 2017-03-31T16:45:56+08:00 ] 127.0.0.1 /Home/Index/
INFO: [ app_init ] --START--
INFO: Run Behavior\BuildLiteBehavior [ RunTime:0.000000s ]
INFO: [ app_init ] --END-- [ RunTime:0.001000s ]
INFO: [ app_begin ] --START--
INFO: Run Behavior\ReadHtmlCacheBehavior [ RunTime:0.001000s ]
INFO: [ app_begin ] --END-- [ RunTime:0.002000s ]
SQL: SHOW COLUMNS FROM `lys_activity` [ RunTime:0.0050s ]
SQL: SELECT * FROM `lys_activity` WHERE `property` = 1 ORDER BY create_time LIMIT 2   [ RunTime:0.0030s ]
SQL: SELECT * FROM `lys_activity` WHERE `property` = 2 LIMIT 1   [ RunTime:0.0040s ]
SQL: SELECT * FROM `lys_activity` WHERE `property` = 3 LIMIT 1   [ RunTime:0.0060s ]
SQL: SELECT * FROM `lys_activity` WHERE `property` = 4 LIMIT 1   [ RunTime:0.0040s ]
INFO: [ view_parse ] --START--
INFO: [ template_filter ] --START--
INFO: Run Behavior\ContentReplaceBehavior [ RunTime:0.000000s ]
INFO: [ template_filter ] --END-- [ RunTime:0.001000s ]
INFO: Run Behavior\ParseTemplateBehavior [ RunTime:0.029001s ]
INFO: [ view_parse ] --END-- [ RunTime:0.030001s ]
INFO: [ view_filter ] --START--
INFO: Run Behavior\WriteHtmlCacheBehavior [ RunTime:0.000000s ]
INFO: [ view_filter ] --END-- [ RunTime:0.001000s ]
INFO: [ app_end ] --START--
INFO: Run Behavior\ShowPageTraceBehavior [ RunTime:0.001000s ]
INFO: [ app_end ] --END-- [ RunTime:0.001000s ]

[ 2017-03-31T16:45:57+08:00 ] 127.0.0.1 /Home/Index/purchase.html?activity_id=1
INFO: [ app_init ] --START--
INFO: Run Behavior\BuildLiteBehavior [ RunTime:0.000000s ]
INFO: [ app_init ] --END-- [ RunTime:0.001000s ]
INFO: [ app_begin ] --START--
INFO: Run Behavior\ReadHtmlCacheBehavior [ RunTime:0.002000s ]
INFO: [ app_begin ] --END-- [ RunTime:0.003000s ]
SQL: SHOW COLUMNS FROM `lys_activity` [ RunTime:0.0060s ]
SQL: SELECT * FROM `lys_activity` WHERE `id` = '1' LIMIT 1   [ RunTime:0.0040s ]
SQL: SHOW COLUMNS FROM `lxtx_users` [ RunTime:0.0030s ]
SQL: SHOW COLUMNS FROM `lxtx_users` [ RunTime:0.0040s ]
SQL: SELECT `phone` FROM `lxtx_users` WHERE `id` = 1 LIMIT 1   [ RunTime:0.0090s ]
SQL: SHOW COLUMNS FROM `lys_record` [ RunTime:0.0040s ]
SQL: SELECT * FROM `lys_record` WHERE `u_id` = 1 LIMIT 1   [ RunTime:0.0050s ]
INFO: [ view_parse ] --START--
INFO: [ template_filter ] --START--
INFO: Run Behavior\ContentReplaceBehavior [ RunTime:0.000000s ]
INFO: [ template_filter ] --END-- [ RunTime:0.000000s ]
INFO: Run Behavior\ParseTemplateBehavior [ RunTime:0.021001s ]
INFO: [ view_parse ] --END-- [ RunTime:0.021001s ]
INFO: [ view_filter ] --START--
INFO: Run Behavior\WriteHtmlCacheBehavior [ RunTime:0.001000s ]
INFO: [ view_filter ] --END-- [ RunTime:0.001000s ]
INFO: [ app_end ] --START--
INFO: Run Behavior\ShowPageTraceBehavior [ RunTime:0.001000s ]
INFO: [ app_end ] --END-- [ RunTime:0.001000s ]

[ 2017-03-31T16:46:12+08:00 ] 127.0.0.1 /Home/Index/purchase.html?activity_id=1
INFO: [ app_init ] --START--
INFO: Run Behavior\BuildLiteBehavior [ RunTime:0.000000s ]
INFO: [ app_init ] --END-- [ RunTime:0.000000s ]
INFO: [ app_begin ] --START--
INFO: Run Behavior\ReadHtmlCacheBehavior [ RunTime:0.002000s ]
INFO: [ app_begin ] --END-- [ RunTime:0.002000s ]
SQL: SHOW COLUMNS FROM `lys_activity` [ RunTime:0.0040s ]
SQL: SELECT * FROM `lys_activity` WHERE `id` = '1' LIMIT 1   [ RunTime:0.0030s ]
SQL: SHOW COLUMNS FROM `lxtx_users` [ RunTime:0.0040s ]
SQL: SHOW COLUMNS FROM `lxtx_users` [ RunTime:0.0030s ]
SQL: SELECT `phone` FROM `lxtx_users` WHERE `id` = 1 LIMIT 1   [ RunTime:0.0040s ]
SQL: SHOW COLUMNS FROM `lys_record` [ RunTime:0.0060s ]
SQL: SELECT * FROM `lys_record` WHERE `u_id` = 1 LIMIT 1   [ RunTime:0.0030s ]
INFO: [ view_parse ] --START--
INFO: [ template_filter ] --START--
INFO: Run Behavior\ContentReplaceBehavior [ RunTime:0.000000s ]
INFO: [ template_filter ] --END-- [ RunTime:0.000000s ]
INFO: Run Behavior\ParseTemplateBehavior [ RunTime:0.023001s ]
INFO: [ view_parse ] --END-- [ RunTime:0.023001s ]
INFO: [ view_filter ] --START--
INFO: Run Behavior\WriteHtmlCacheBehavior [ RunTime:0.000000s ]
INFO: [ view_filter ] --END-- [ RunTime:0.000000s ]
INFO: [ app_end ] --START--
INFO: Run Behavior\ShowPageTraceBehavior [ RunTime:0.001000s ]
INFO: [ app_end ] --END-- [ RunTime:0.001000s ]

[ 2017-03-31T16:46:14+08:00 ] 127.0.0.1 /Home/Index/get_now_code.html?activity_id=1
INFO: [ app_init ] --START--
INFO: Run Behavior\BuildLiteBehavior [ RunTime:0.000000s ]
INFO: [ app_init ] --END-- [ RunTime:0.000000s ]
INFO: [ app_begin ] --START--
INFO: Run Behavior\ReadHtmlCacheBehavior [ RunTime:0.000000s ]
INFO: [ app_begin ] --END-- [ RunTime:0.000000s ]
SQL: SHOW COLUMNS FROM `lys_activity` [ RunTime:0.0030s ]
SQL: SELECT * FROM `lys_activity` WHERE `id` = '1' LIMIT 1   [ RunTime:0.0020s ]
SQL: SHOW COLUMNS FROM `lys_draw` [ RunTime:0.0020s ]
SQL: SELECT * FROM `lys_draw` WHERE `activity_id` = '1' AND `u_id` = 1 LIMIT 1   [ RunTime:0.0030s ]

[ 2017-03-31T16:46:16+08:00 ] 127.0.0.1 /Home/Index/purchase.html?activity_id=1
INFO: [ app_init ] --START--
INFO: Run Behavior\BuildLiteBehavior [ RunTime:0.000000s ]
INFO: [ app_init ] --END-- [ RunTime:0.000000s ]
INFO: [ app_begin ] --START--
INFO: Run Behavior\ReadHtmlCacheBehavior [ RunTime:0.001000s ]
INFO: [ app_begin ] --END-- [ RunTime:0.001000s ]
SQL: SHOW COLUMNS FROM `lys_activity` [ RunTime:0.0020s ]
SQL: SELECT * FROM `lys_activity` WHERE `id` = '1' LIMIT 1   [ RunTime:0.0040s ]
SQL: SHOW COLUMNS FROM `lxtx_users` [ RunTime:0.0090s ]
SQL: SHOW COLUMNS FROM `lxtx_users` [ RunTime:0.0030s ]
SQL: SELECT `phone` FROM `lxtx_users` WHERE `id` = 1 LIMIT 1   [ RunTime:0.0030s ]
SQL: SHOW COLUMNS FROM `lys_record` [ RunTime:0.0020s ]
SQL: SELECT * FROM `lys_record` WHERE `u_id` = 1 LIMIT 1   [ RunTime:0.0040s ]
INFO: [ view_parse ] --START--
INFO: [ template_filter ] --START--
INFO: Run Behavior\ContentReplaceBehavior [ RunTime:0.000000s ]
INFO: [ template_filter ] --END-- [ RunTime:0.000000s ]
INFO: Run Behavior\ParseTemplateBehavior [ RunTime:0.022001s ]
INFO: [ view_parse ] --END-- [ RunTime:0.023001s ]
INFO: [ view_filter ] --START--
INFO: Run Behavior\WriteHtmlCacheBehavior [ RunTime:0.001000s ]
INFO: [ view_filter ] --END-- [ RunTime:0.001000s ]
INFO: [ app_end ] --START--
INFO: Run Behavior\ShowPageTraceBehavior [ RunTime:0.001000s ]
INFO: [ app_end ] --END-- [ RunTime:0.001000s ]

[ 2017-03-31T16:46:39+08:00 ] 127.0.0.1 /Home/Index/index.html
INFO: [ app_init ] --START--
INFO: Run Behavior\BuildLiteBehavior [ RunTime:0.000000s ]
INFO: [ app_init ] --END-- [ RunTime:0.001000s ]
INFO: [ app_begin ] --START--
INFO: Run Behavior\ReadHtmlCacheBehavior [ RunTime:0.001000s ]
INFO: [ app_begin ] --END-- [ RunTime:0.001000s ]
SQL: SHOW COLUMNS FROM `lys_activity` [ RunTime:0.0030s ]
SQL: SELECT * FROM `lys_activity` WHERE `property` = 1 ORDER BY create_time LIMIT 2   [ RunTime:0.0020s ]
SQL: SELECT * FROM `lys_activity` WHERE `property` = 2 LIMIT 1   [ RunTime:0.0020s ]
SQL: SELECT * FROM `lys_activity` WHERE `property` = 3 LIMIT 1   [ RunTime:0.0020s ]
SQL: SELECT * FROM `lys_activity` WHERE `property` = 4 LIMIT 1   [ RunTime:0.0030s ]
INFO: [ view_parse ] --START--
INFO: [ template_filter ] --START--
INFO: Run Behavior\ContentReplaceBehavior [ RunTime:0.000000s ]
INFO: [ template_filter ] --END-- [ RunTime:0.000000s ]
INFO: Run Behavior\ParseTemplateBehavior [ RunTime:0.015001s ]
INFO: [ view_parse ] --END-- [ RunTime:0.015001s ]
INFO: [ view_filter ] --START--
INFO: Run Behavior\WriteHtmlCacheBehavior [ RunTime:0.000000s ]
INFO: [ view_filter ] --END-- [ RunTime:0.001000s ]
INFO: [ app_end ] --START--
INFO: Run Behavior\ShowPageTraceBehavior [ RunTime:0.001000s ]
INFO: [ app_end ] --END-- [ RunTime:0.001000s ]

[ 2017-03-31T17:26:36+08:00 ] ::1 /lyg/index.php
INFO: [ app_init ] --START--
INFO: Run Behavior\BuildLiteBehavior [ RunTime:0.000000s ]
INFO: [ app_init ] --END-- [ RunTime:0.000000s ]
INFO: [ app_begin ] --START--
INFO: Run Behavior\ReadHtmlCacheBehavior [ RunTime:0.001000s ]
INFO: [ app_begin ] --END-- [ RunTime:0.002000s ]
SQL: SHOW COLUMNS FROM `lys_activity` [ RunTime:0.0090s ]
SQL: SELECT * FROM `lys_activity` WHERE `property` = 1 ORDER BY create_time LIMIT 2   [ RunTime:0.0030s ]
SQL: SELECT * FROM `lys_activity` WHERE `property` = 2 LIMIT 1   [ RunTime:0.0020s ]
SQL: SELECT * FROM `lys_activity` WHERE `property` = 3 LIMIT 1   [ RunTime:0.0020s ]
SQL: SELECT * FROM `lys_activity` WHERE `property` = 4 LIMIT 1   [ RunTime:0.0020s ]
INFO: [ view_parse ] --START--
INFO: [ template_filter ] --START--
INFO: Run Behavior\ContentReplaceBehavior [ RunTime:0.000000s ]
INFO: [ template_filter ] --END-- [ RunTime:0.000000s ]
INFO: Run Behavior\ParseTemplateBehavior [ RunTime:0.012000s ]
INFO: [ view_parse ] --END-- [ RunTime:0.012000s ]
INFO: [ view_filter ] --START--
INFO: Run Behavior\WriteHtmlCacheBehavior [ RunTime:0.001001s ]
INFO: [ view_filter ] --END-- [ RunTime:0.001001s ]
INFO: [ app_end ] --START--
INFO: Run Behavior\ShowPageTraceBehavior [ RunTime:0.001000s ]
INFO: [ app_end ] --END-- [ RunTime:0.001000s ]

