[ 2017-04-24T12:00:45+08:00 ] 127.0.0.1 /lyg/lys/
INFO: [ app_init ] --START--
INFO: Run Behavior\BuildLiteBehavior [ RunTime:0.000000s ]
INFO: [ app_init ] --END-- [ RunTime:0.000000s ]
INFO: [ app_begin ] --START--
INFO: Run Behavior\ReadHtmlCacheBehavior [ RunTime:0.001000s ]
INFO: [ app_begin ] --END-- [ RunTime:0.001000s ]
SQL: SHOW COLUMNS FROM `lys_activity` [ RunTime:0.0020s ]
SQL: SHOW COLUMNS FROM `lxtx_products` [ RunTime:0.0050s ]
SQL: SELECT * FROM `lys_activity` WHERE `winning_time` < 1493006445 AND `is_putaway` = 1 ORDER BY id desc LIMIT 5   [ RunTime:0.0080s ]
SQL: SELECT `id`,`product_name`,`cover` FROM `lxtx_products` WHERE `id` = 2 LIMIT 1   [ RunTime:0.0010s ]
SQL: SELECT `id`,`product_name`,`cover` FROM `lxtx_products` WHERE `id` = 2 LIMIT 1   [ RunTime:0.0020s ]
SQL: SELECT `id`,`product_name`,`cover` FROM `lxtx_products` WHERE `id` = 1 LIMIT 1   [ RunTime:0.0020s ]
SQL: SELECT `id`,`product_name`,`cover` FROM `lxtx_products` WHERE `id` = 4 LIMIT 1   [ RunTime:0.0020s ]
SQL: SELECT `id`,`product_name`,`cover` FROM `lxtx_products` WHERE `id` = 18 LIMIT 1   [ RunTime:0.0020s ]
SQL: SELECT * FROM `lys_activity` WHERE `winning_time` > 1493006445 AND `end_time` < 1493006445 AND `is_putaway` = 1 ORDER BY id desc  [ RunTime:0.0020s ]
SQL: SELECT * FROM `lys_activity` WHERE `start_time` > 1493006445 AND `is_putaway` = 1 ORDER BY id desc  [ RunTime:0.0030s ]
SQL: SELECT * FROM `lys_activity` WHERE `start_time` < 1493006445 AND `end_time` > 1493006445 AND `is_putaway` = 1 ORDER BY id desc  [ RunTime:0.0020s ]
NOTIC: [8] Undefined variable: activity_data_await_time D:\phpStudy\WWW\lyg\lys\Application\Home\Controller\IndexController.class.php 第 98 行.
NOTIC: [2] implode() [<a href='function.implode'>function.implode</a>]: Invalid arguments passed D:\phpStudy\WWW\lyg\lys\Application\Home\Controller\IndexController.class.php 第 98 行.
NOTIC: [8] Undefined variable: activity_data_start_time D:\phpStudy\WWW\lyg\lys\Application\Home\Controller\IndexController.class.php 第 103 行.
NOTIC: [2] implode() [<a href='function.implode'>function.implode</a>]: Invalid arguments passed D:\phpStudy\WWW\lyg\lys\Application\Home\Controller\IndexController.class.php 第 103 行.
NOTIC: [8] Undefined variable: activity_data_end_time D:\phpStudy\WWW\lyg\lys\Application\Home\Controller\IndexController.class.php 第 108 行.
NOTIC: [2] implode() [<a href='function.implode'>function.implode</a>]: Invalid arguments passed D:\phpStudy\WWW\lyg\lys\Application\Home\Controller\IndexController.class.php 第 108 行.
INFO: [ view_parse ] --START--
INFO: [ template_filter ] --START--
INFO: Run Behavior\ContentReplaceBehavior [ RunTime:0.000000s ]
INFO: [ template_filter ] --END-- [ RunTime:0.000000s ]
INFO: Run Behavior\ParseTemplateBehavior [ RunTime:0.029001s ]
INFO: [ view_parse ] --END-- [ RunTime:0.029001s ]
INFO: [ view_filter ] --START--
INFO: Run Behavior\WriteHtmlCacheBehavior [ RunTime:0.001000s ]
INFO: [ view_filter ] --END-- [ RunTime:0.001000s ]
INFO: [ app_end ] --START--
INFO: Run Behavior\ShowPageTraceBehavior [ RunTime:0.001001s ]
INFO: [ app_end ] --END-- [ RunTime:0.002001s ]

[ 2017-04-24T14:22:02+08:00 ] 127.0.0.1 /lyg/lys/
INFO: [ app_init ] --START--
INFO: Run Behavior\BuildLiteBehavior [ RunTime:0.000000s ]
INFO: [ app_init ] --END-- [ RunTime:0.000000s ]
INFO: [ app_begin ] --START--
INFO: Run Behavior\ReadHtmlCacheBehavior [ RunTime:0.001000s ]
INFO: [ app_begin ] --END-- [ RunTime:0.001000s ]
SQL: SHOW COLUMNS FROM `lys_activity` [ RunTime:0.0020s ]
SQL: SHOW COLUMNS FROM `lxtx_products` [ RunTime:0.0050s ]
SQL: SELECT * FROM `lys_activity` WHERE `winning_time` < 1493014922 AND `is_putaway` = 1 ORDER BY id desc LIMIT 5   [ RunTime:0.0050s ]
SQL: SELECT `id`,`product_name`,`cover` FROM `lxtx_products` WHERE `id` = 2 LIMIT 1   [ RunTime:0.0020s ]
SQL: SELECT `id`,`product_name`,`cover` FROM `lxtx_products` WHERE `id` = 21 LIMIT 1   [ RunTime:0.0020s ]
SQL: SELECT `id`,`product_name`,`cover` FROM `lxtx_products` WHERE `id` = 1 LIMIT 1   [ RunTime:0.0030s ]
SQL: SELECT `id`,`product_name`,`cover` FROM `lxtx_products` WHERE `id` = 19 LIMIT 1   [ RunTime:0.0030s ]
SQL: SELECT `id`,`product_name`,`cover` FROM `lxtx_products` WHERE `id` = 18 LIMIT 1   [ RunTime:0.0070s ]
SQL: SELECT * FROM `lys_activity` WHERE `winning_time` > 1493014922 AND `end_time` < 1493014922 AND `is_putaway` = 1 ORDER BY id desc  [ RunTime:0.0030s ]
SQL: SELECT * FROM `lys_activity` WHERE `start_time` > 1493014922 AND `is_putaway` = 1 ORDER BY id desc  [ RunTime:0.0070s ]
SQL: SELECT * FROM `lys_activity` WHERE `start_time` < 1493014922 AND `end_time` > 1493014922 AND `is_putaway` = 1 ORDER BY id desc  [ RunTime:0.0040s ]
SQL: SELECT `id`,`product_name`,`cover` FROM `lxtx_products` WHERE `id` = 1 LIMIT 1   [ RunTime:0.0010s ]
SQL: SELECT `id`,`product_name`,`cover` FROM `lxtx_products` WHERE `id` = 2 LIMIT 1   [ RunTime:0.0030s ]
SQL: SELECT `id`,`product_name`,`cover` FROM `lxtx_products` WHERE `id` = 21 LIMIT 1   [ RunTime:0.0040s ]
SQL: SELECT `id`,`product_name`,`cover` FROM `lxtx_products` WHERE `id` = 1 LIMIT 1   [ RunTime:0.0110s ]
SQL: SELECT `id`,`product_name`,`cover` FROM `lxtx_products` WHERE `id` = 19 LIMIT 1   [ RunTime:0.0020s ]
SQL: SELECT `id`,`product_name`,`cover` FROM `lxtx_products` WHERE `id` = 18 LIMIT 1   [ RunTime:0.0110s ]
SQL: SELECT `id`,`product_name`,`cover` FROM `lxtx_products` WHERE `id` = 4 LIMIT 1   [ RunTime:0.0020s ]
NOTIC: [8] Undefined variable: activity_data_await_time D:\phpStudy\WWW\lyg\lys\Application\Home\Controller\IndexController.class.php 第 98 行.
NOTIC: [2] implode() [<a href='function.implode'>function.implode</a>]: Invalid arguments passed D:\phpStudy\WWW\lyg\lys\Application\Home\Controller\IndexController.class.php 第 98 行.
NOTIC: [8] Undefined variable: activity_data_start_time D:\phpStudy\WWW\lyg\lys\Application\Home\Controller\IndexController.class.php 第 103 行.
NOTIC: [2] implode() [<a href='function.implode'>function.implode</a>]: Invalid arguments passed D:\phpStudy\WWW\lyg\lys\Application\Home\Controller\IndexController.class.php 第 103 行.
INFO: [ view_parse ] --START--
INFO: [ template_filter ] --START--
INFO: Run Behavior\ContentReplaceBehavior [ RunTime:0.000000s ]
INFO: [ template_filter ] --END-- [ RunTime:0.000000s ]
INFO: Run Behavior\ParseTemplateBehavior [ RunTime:0.027002s ]
INFO: [ view_parse ] --END-- [ RunTime:0.027002s ]
INFO: [ view_filter ] --START--
INFO: Run Behavior\WriteHtmlCacheBehavior [ RunTime:0.001000s ]
INFO: [ view_filter ] --END-- [ RunTime:0.001000s ]
INFO: [ app_end ] --START--
INFO: Run Behavior\ShowPageTraceBehavior [ RunTime:0.001000s ]
INFO: [ app_end ] --END-- [ RunTime:0.001000s ]

[ 2017-04-24T14:35:20+08:00 ] 127.0.0.1 /lyg/lys/
INFO: [ app_init ] --START--
INFO: Run Behavior\BuildLiteBehavior [ RunTime:0.000000s ]
INFO: [ app_init ] --END-- [ RunTime:0.001000s ]
INFO: [ app_begin ] --START--
INFO: Run Behavior\ReadHtmlCacheBehavior [ RunTime:0.001000s ]
INFO: [ app_begin ] --END-- [ RunTime:0.001000s ]
SQL: SHOW COLUMNS FROM `lys_activity` [ RunTime:0.0050s ]
SQL: SHOW COLUMNS FROM `lxtx_products` [ RunTime:0.0070s ]
SQL: SELECT * FROM `lys_activity` WHERE `winning_time` < 1493015720 AND `is_putaway` = 1 ORDER BY id desc LIMIT 5   [ RunTime:0.0050s ]
SQL: SELECT `id`,`product_name`,`cover` FROM `lxtx_products` WHERE `id` = 2 LIMIT 1   [ RunTime:0.0040s ]
SQL: SELECT `id`,`product_name`,`cover` FROM `lxtx_products` WHERE `id` = 21 LIMIT 1   [ RunTime:0.0030s ]
SQL: SELECT `id`,`product_name`,`cover` FROM `lxtx_products` WHERE `id` = 1 LIMIT 1   [ RunTime:0.0040s ]
SQL: SELECT `id`,`product_name`,`cover` FROM `lxtx_products` WHERE `id` = 19 LIMIT 1   [ RunTime:0.0110s ]
SQL: SELECT `id`,`product_name`,`cover` FROM `lxtx_products` WHERE `id` = 18 LIMIT 1   [ RunTime:0.0060s ]
SQL: SELECT * FROM `lys_activity` WHERE `winning_time` > 1493015720 AND `end_time` < 1493015720 AND `is_putaway` = 1 ORDER BY id desc  [ RunTime:0.0080s ]
SQL: SELECT * FROM `lys_activity` WHERE `start_time` > 1493015720 AND `is_putaway` = 1 ORDER BY id desc  [ RunTime:0.0020s ]
SQL: SELECT * FROM `lys_activity` WHERE `start_time` < 1493015720 AND `end_time` > 1493015720 AND `is_putaway` = 1 ORDER BY id desc  [ RunTime:0.0060s ]
SQL: SELECT `id`,`product_name`,`cover` FROM `lxtx_products` WHERE `id` = 1 LIMIT 1   [ RunTime:0.0080s ]
SQL: SELECT `id`,`product_name`,`cover` FROM `lxtx_products` WHERE `id` = 1 LIMIT 1   [ RunTime:0.0090s ]
SQL: SELECT `id`,`product_name`,`cover` FROM `lxtx_products` WHERE `id` = 2 LIMIT 1   [ RunTime:0.0070s ]
SQL: SELECT `id`,`product_name`,`cover` FROM `lxtx_products` WHERE `id` = 21 LIMIT 1   [ RunTime:0.0020s ]
SQL: SELECT `id`,`product_name`,`cover` FROM `lxtx_products` WHERE `id` = 1 LIMIT 1   [ RunTime:0.0020s ]
SQL: SELECT `id`,`product_name`,`cover` FROM `lxtx_products` WHERE `id` = 19 LIMIT 1   [ RunTime:0.0030s ]
SQL: SELECT `id`,`product_name`,`cover` FROM `lxtx_products` WHERE `id` = 18 LIMIT 1   [ RunTime:0.0110s ]
SQL: SELECT `id`,`product_name`,`cover` FROM `lxtx_products` WHERE `id` = 4 LIMIT 1   [ RunTime:0.0220s ]
NOTIC: [8] Undefined variable: activity_data_await_time D:\phpStudy\WWW\lyg\lys\Application\Home\Controller\IndexController.class.php 第 98 行.
NOTIC: [2] implode() [<a href='function.implode'>function.implode</a>]: Invalid arguments passed D:\phpStudy\WWW\lyg\lys\Application\Home\Controller\IndexController.class.php 第 98 行.
NOTIC: [8] Undefined variable: activity_data_start_time D:\phpStudy\WWW\lyg\lys\Application\Home\Controller\IndexController.class.php 第 103 行.
NOTIC: [2] implode() [<a href='function.implode'>function.implode</a>]: Invalid arguments passed D:\phpStudy\WWW\lyg\lys\Application\Home\Controller\IndexController.class.php 第 103 行.
INFO: [ view_parse ] --START--
INFO: [ template_filter ] --START--
INFO: Run Behavior\ContentReplaceBehavior [ RunTime:0.000000s ]
INFO: [ template_filter ] --END-- [ RunTime:0.000000s ]
INFO: Run Behavior\ParseTemplateBehavior [ RunTime:0.027002s ]
INFO: [ view_parse ] --END-- [ RunTime:0.027002s ]
INFO: [ view_filter ] --START--
INFO: Run Behavior\WriteHtmlCacheBehavior [ RunTime:0.000000s ]
INFO: [ view_filter ] --END-- [ RunTime:0.000000s ]
INFO: [ app_end ] --START--
INFO: Run Behavior\ShowPageTraceBehavior [ RunTime:0.001000s ]
INFO: [ app_end ] --END-- [ RunTime:0.001000s ]

[ 2017-04-24T15:15:12+08:00 ] 127.0.0.1 /lyg/lys/
INFO: [ app_init ] --START--
INFO: Run Behavior\BuildLiteBehavior [ RunTime:0.000000s ]
INFO: [ app_init ] --END-- [ RunTime:0.000000s ]
INFO: [ app_begin ] --START--
INFO: Run Behavior\ReadHtmlCacheBehavior [ RunTime:0.001000s ]
INFO: [ app_begin ] --END-- [ RunTime:0.001000s ]
SQL: SHOW COLUMNS FROM `lys_activity` [ RunTime:0.0020s ]
SQL: SHOW COLUMNS FROM `lxtx_products` [ RunTime:0.0860s ]
SQL: SELECT * FROM `lys_activity` WHERE `winning_time` < 1493018112 AND `is_putaway` = 1 ORDER BY id desc LIMIT 5   [ RunTime:0.0090s ]
SQL: SELECT `id`,`product_name`,`cover` FROM `lxtx_products` WHERE `id` = 1 LIMIT 1   [ RunTime:0.0040s ]
SQL: SELECT `id`,`product_name`,`cover` FROM `lxtx_products` WHERE `id` = 2 LIMIT 1   [ RunTime:0.0030s ]
SQL: SELECT `id`,`product_name`,`cover` FROM `lxtx_products` WHERE `id` = 21 LIMIT 1   [ RunTime:0.0020s ]
SQL: SELECT `id`,`product_name`,`cover` FROM `lxtx_products` WHERE `id` = 1 LIMIT 1   [ RunTime:0.0030s ]
SQL: SELECT `id`,`product_name`,`cover` FROM `lxtx_products` WHERE `id` = 19 LIMIT 1   [ RunTime:0.0200s ]
SQL: SELECT * FROM `lys_activity` WHERE `winning_time` > 1493018112 AND `end_time` < 1493018112 AND `is_putaway` = 1 ORDER BY id desc  [ RunTime:0.0020s ]
SQL: SELECT * FROM `lys_activity` WHERE `start_time` > 1493018112 AND `is_putaway` = 1 ORDER BY id desc  [ RunTime:0.0020s ]
SQL: SELECT * FROM `lys_activity` WHERE `start_time` < 1493018112 AND `end_time` > 1493018112 AND `is_putaway` = 1 ORDER BY id desc  [ RunTime:0.0030s ]
SQL: SELECT `id`,`product_name`,`cover` FROM `lxtx_products` WHERE `id` = 1 LIMIT 1   [ RunTime:0.0040s ]
SQL: SELECT `id`,`product_name`,`cover` FROM `lxtx_products` WHERE `id` = 1 LIMIT 1   [ RunTime:0.0030s ]
SQL: SELECT `id`,`product_name`,`cover` FROM `lxtx_products` WHERE `id` = 14 LIMIT 1   [ RunTime:0.0020s ]
NOTIC: [8] Undefined variable: activity_data_await_time D:\phpStudy\WWW\lyg\lys\Application\Home\Controller\IndexController.class.php 第 98 行.
NOTIC: [2] implode() [<a href='function.implode'>function.implode</a>]: Invalid arguments passed D:\phpStudy\WWW\lyg\lys\Application\Home\Controller\IndexController.class.php 第 98 行.
NOTIC: [8] Undefined variable: activity_data_start_time D:\phpStudy\WWW\lyg\lys\Application\Home\Controller\IndexController.class.php 第 103 行.
NOTIC: [2] implode() [<a href='function.implode'>function.implode</a>]: Invalid arguments passed D:\phpStudy\WWW\lyg\lys\Application\Home\Controller\IndexController.class.php 第 103 行.
INFO: [ view_parse ] --START--
INFO: [ template_filter ] --START--
INFO: Run Behavior\ContentReplaceBehavior [ RunTime:0.000000s ]
INFO: [ template_filter ] --END-- [ RunTime:0.000000s ]
INFO: Run Behavior\ParseTemplateBehavior [ RunTime:0.021001s ]
INFO: [ view_parse ] --END-- [ RunTime:0.022001s ]
INFO: [ view_filter ] --START--
INFO: Run Behavior\WriteHtmlCacheBehavior [ RunTime:0.001000s ]
INFO: [ view_filter ] --END-- [ RunTime:0.001000s ]
INFO: [ app_end ] --START--
INFO: Run Behavior\ShowPageTraceBehavior [ RunTime:0.001000s ]
INFO: [ app_end ] --END-- [ RunTime:0.001000s ]

