[ 2017-03-29T08:42:12+08:00 ] 127.0.0.1 /thinkphp/index.php/Home/Index/get_now_code?code=8ad2c7b8141811e79d39e0aaaea55723&_=1490748129
INFO: [ app_init ] --START--
INFO: Run Behavior\BuildLiteBehavior [ RunTime:0.000000s ]
INFO: [ app_init ] --END-- [ RunTime:0.000000s ]
ERR: 无法加载模块:ThinkPHP

[ 2017-03-29T08:42:12+08:00 ] 127.0.0.1 /favicon.ico
INFO: [ app_init ] --START--
INFO: Run Behavior\BuildLiteBehavior [ RunTime:0.000000s ]
INFO: [ app_init ] --END-- [ RunTime:0.001000s ]
ERR: 无法加载模块:Favicon

[ 2017-03-29T11:28:33+08:00 ] 127.0.0.1 /test/public/Js/jquery-1.7.2.min.js
INFO: [ app_init ] --START--
INFO: Run Behavior\BuildLiteBehavior [ RunTime:0.000000s ]
INFO: [ app_init ] --END-- [ RunTime:0.000000s ]
ERR: 无法加载模块:Test

[ 2017-03-29T11:28:33+08:00 ] 127.0.0.1 /test/public/Js/jquery.masonry.min.js
INFO: [ app_init ] --START--
INFO: Run Behavior\BuildLiteBehavior [ RunTime:0.000000s ]
INFO: [ app_init ] --END-- [ RunTime:0.000000s ]
ERR: 无法加载模块:Test

[ 2017-03-29T14:21:22+08:00 ] 127.0.0.1 /Public/home/css/__ROOT__/Public/home/img/up_arrow.png
INFO: [ app_init ] --START--
INFO: Run Behavior\BuildLiteBehavior [ RunTime:0.000000s ]
INFO: [ app_init ] --END-- [ RunTime:0.001000s ]
ERR: 无法加载模块:Public

